<?xml version="1.0" encoding="UTF-8"?>
<testsuite name="br.com.simnetwork.test.MedicaoServiceTest" tests="2" skipped="0" failures="0" errors="0" timestamp="2017-11-16T23:06:01" hostname="Universe" time="0.1">
  <properties/>
  <testcase name="litrosAtualTest" classname="br.com.simnetwork.test.MedicaoServiceTest" time="0.048"/>
  <testcase name="medicaoControladaTest" classname="br.com.simnetwork.test.MedicaoServiceTest" time="0.05"/>
  <system-out><![CDATA[2017-11-16 21:05:57.964  INFO 12760 --- [    Test worker] o.s.t.c.support.AbstractContextLoader    : Could not detect default resource locations for test class [br.com.simnetwork.test.MedicaoServiceTest]: no resource found for suffixes {-context.xml, Context.groovy}.
2017-11-16 21:05:57.976  INFO 12760 --- [    Test worker] .b.t.c.SpringBootTestContextBootstrapper : Found @SpringBootConfiguration br.com.simnetwork.Application for test class br.com.simnetwork.test.MedicaoServiceTest
2017-11-16 21:05:57.984  INFO 12760 --- [    Test worker] .b.t.c.SpringBootTestContextBootstrapper : Loaded default TestExecutionListener class names from location [META-INF/spring.factories]: [org.springframework.boot.test.autoconfigure.restdocs.RestDocsTestExecutionListener, org.springframework.boot.test.autoconfigure.web.client.MockRestServiceServerResetTestExecutionListener, org.springframework.boot.test.autoconfigure.web.servlet.MockMvcPrintOnlyOnFailureTestExecutionListener, org.springframework.boot.test.autoconfigure.web.servlet.WebDriverTestExecutionListener, org.springframework.boot.test.mock.mockito.MockitoTestExecutionListener, org.springframework.boot.test.mock.mockito.ResetMocksTestExecutionListener, org.springframework.test.context.web.ServletTestExecutionListener, org.springframework.test.context.support.DirtiesContextBeforeModesTestExecutionListener, org.springframework.test.context.support.DependencyInjectionTestExecutionListener, org.springframework.test.context.support.DirtiesContextTestExecutionListener, org.springframework.test.context.transaction.TransactionalTestExecutionListener, org.springframework.test.context.jdbc.SqlScriptsTestExecutionListener]
2017-11-16 21:05:57.989  INFO 12760 --- [    Test worker] .b.t.c.SpringBootTestContextBootstrapper : Using TestExecutionListeners: [org.springframework.test.context.web.ServletTestExecutionListener@6f4a2b88, org.springframework.test.context.support.DirtiesContextBeforeModesTestExecutionListener@57a82794, org.springframework.boot.test.autoconfigure.SpringBootDependencyInjectionTestExecutionListener@182c898a, org.springframework.test.context.support.DirtiesContextTestExecutionListener@1acfe71a, org.springframework.test.context.transaction.TransactionalTestExecutionListener@246799a0, org.springframework.test.context.jdbc.SqlScriptsTestExecutionListener@32e59e3f, org.springframework.boot.test.mock.mockito.MockitoTestExecutionListener@4e793130, org.springframework.boot.test.autoconfigure.web.servlet.WebDriverTestExecutionListener@2bebf8d2, org.springframework.boot.test.autoconfigure.restdocs.RestDocsTestExecutionListener@33d9ce96, org.springframework.boot.test.autoconfigure.web.servlet.MockMvcPrintOnlyOnFailureTestExecutionListener@2d53aab4, org.springframework.boot.test.autoconfigure.web.client.MockRestServiceServerResetTestExecutionListener@2a24ee9f, org.springframework.boot.test.mock.mockito.ResetMocksTestExecutionListener@5e7dbe61]

  .   ____          _            __ _ _
 /\\ / ___'_ __ _ _(_)_ __  __ _ \ \ \ \
( ( )\___ | '_ | '_| | '_ \/ _` | \ \ \ \
 \\/  ___)| |_)| | | | | || (_| |  ) ) ) )
  '  |____| .__|_| |_|_| |_\__, | / / / /
 =========|_|==============|___/=/_/_/_/
 :: Spring Boot ::        (v1.5.8.RELEASE)

2017-11-16 21:05:58.150  INFO 12760 --- [    Test worker] b.c.simnetwork.test.MedicaoServiceTest   : Starting MedicaoServiceTest on Universe with PID 12760 (started by felip in E:\Online\PÃºblico\gs-securing-web\complete)
2017-11-16 21:05:58.151  INFO 12760 --- [    Test worker] b.c.simnetwork.test.MedicaoServiceTest   : No active profile set, falling back to default profiles: default
2017-11-16 21:05:58.155  INFO 12760 --- [    Test worker] o.s.w.c.s.GenericWebApplicationContext   : Refreshing org.springframework.web.context.support.GenericWebApplicationContext@d765661: startup date [Thu Nov 16 21:05:58 BRST 2017]; root of context hierarchy
2017-11-16 21:05:58.753  INFO 12760 --- [    Test worker] o.s.b.f.s.DefaultListableBeanFactory     : Overriding bean definition for bean 'caixaService' with a different definition: replacing [Generic bean: class [br.com.simnetwork.model.service.CaixaServiceImpl]; scope=singleton; abstract=false; lazyInit=false; autowireMode=0; dependencyCheck=0; autowireCandidate=true; primary=false; factoryBeanName=null; factoryMethodName=null; initMethodName=null; destroyMethodName=null; defined in file [E:\Online\PÃºblico\gs-securing-web\complete\build\classes\java\main\br\com\simnetwork\model\service\CaixaServiceImpl.class]] with [Root bean: class [null]; scope=; abstract=false; lazyInit=false; autowireMode=3; dependencyCheck=0; autowireCandidate=true; primary=false; factoryBeanName=medicaoServiceTest.MedicaoTestContextConfiguration; factoryMethodName=caixaService; initMethodName=null; destroyMethodName=(inferred); defined in br.com.simnetwork.test.MedicaoServiceTest$MedicaoTestContextConfiguration]
2017-11-16 21:05:58.754  INFO 12760 --- [    Test worker] o.s.b.f.s.DefaultListableBeanFactory     : Overriding bean definition for bean 'medicaoService' with a different definition: replacing [Generic bean: class [br.com.simnetwork.model.service.MedicaoServiceImpl]; scope=singleton; abstract=false; lazyInit=false; autowireMode=0; dependencyCheck=0; autowireCandidate=true; primary=false; factoryBeanName=null; factoryMethodName=null; initMethodName=null; destroyMethodName=null; defined in file [E:\Online\PÃºblico\gs-securing-web\complete\build\classes\java\main\br\com\simnetwork\model\service\MedicaoServiceImpl.class]] with [Root bean: class [null]; scope=; abstract=false; lazyInit=false; autowireMode=3; dependencyCheck=0; autowireCandidate=true; primary=false; factoryBeanName=medicaoServiceTest.MedicaoTestContextConfiguration; factoryMethodName=medicaoService; initMethodName=null; destroyMethodName=(inferred); defined in br.com.simnetwork.test.MedicaoServiceTest$MedicaoTestContextConfiguration]
2017-11-16 21:05:58.754  INFO 12760 --- [    Test worker] o.s.b.f.s.DefaultListableBeanFactory     : Overriding bean definition for bean 'usuarioService' with a different definition: replacing [Generic bean: class [br.com.simnetwork.model.service.UsuarioServiceImpl]; scope=singleton; abstract=false; lazyInit=false; autowireMode=0; dependencyCheck=0; autowireCandidate=true; primary=false; factoryBeanName=null; factoryMethodName=null; initMethodName=null; destroyMethodName=null; defined in file [E:\Online\PÃºblico\gs-securing-web\complete\build\classes\java\main\br\com\simnetwork\model\service\UsuarioServiceImpl.class]] with [Root bean: class [null]; scope=; abstract=false; lazyInit=false; autowireMode=3; dependencyCheck=0; autowireCandidate=true; primary=false; factoryBeanName=medicaoServiceTest.MedicaoTestContextConfiguration; factoryMethodName=usuarioService; initMethodName=null; destroyMethodName=(inferred); defined in br.com.simnetwork.test.MedicaoServiceTest$MedicaoTestContextConfiguration]
2017-11-16 21:05:58.791  INFO 12760 --- [    Test worker] o.s.b.f.s.DefaultListableBeanFactory     : Overriding bean definition for bean 'dataSource' with a different definition: replacing [Root bean: class [null]; scope=; abstract=false; lazyInit=false; autowireMode=3; dependencyCheck=0; autowireCandidate=true; primary=false; factoryBeanName=org.springframework.boot.autoconfigure.jdbc.DataSourceConfiguration$Dbcp; factoryMethodName=dataSource; initMethodName=null; destroyMethodName=(inferred); defined in class path resource [org/springframework/boot/autoconfigure/jdbc/DataSourceConfiguration$Dbcp.class]] with [Root bean: class [null]; scope=; abstract=false; lazyInit=false; autowireMode=3; dependencyCheck=0; autowireCandidate=true; primary=false; factoryBeanName=org.springframework.boot.autoconfigure.jdbc.DataSourceConfiguration$Tomcat; factoryMethodName=dataSource; initMethodName=null; destroyMethodName=(inferred); defined in class path resource [org/springframework/boot/autoconfigure/jdbc/DataSourceConfiguration$Tomcat.class]]
2017-11-16 21:05:59.708  INFO 12760 --- [    Test worker] j.LocalContainerEntityManagerFactoryBean : Building JPA container EntityManagerFactory for persistence unit 'default'
2017-11-16 21:05:59.709  INFO 12760 --- [    Test worker] o.hibernate.jpa.internal.util.LogHelper  : HHH000204: Processing PersistenceUnitInfo [
	name: default
	...]
2017-11-16 21:05:59.734  INFO 12760 --- [    Test worker] org.hibernate.dialect.Dialect            : HHH000400: Using dialect: org.hibernate.dialect.PostgreSQLDialect
2017-11-16 21:05:59.862  INFO 12760 --- [    Test worker] o.h.e.j.e.i.LobCreatorBuilderImpl        : HHH000424: Disabling contextual LOB creation as createClob() method threw error : java.lang.reflect.InvocationTargetException
2017-11-16 21:05:59.862  INFO 12760 --- [    Test worker] org.hibernate.type.BasicTypeRegistry     : HHH000270: Type registration [java.util.UUID] overrides previous : org.hibernate.type.UUIDBinaryType@5899efd1
2017-11-16 21:05:59.908  INFO 12760 --- [    Test worker] org.hibernate.tool.hbm2ddl.SchemaUpdate  : HHH000228: Running hbm2ddl schema update
2017-11-16 21:06:00.066  WARN 12760 --- [    Test worker] o.h.j.i.EntityManagerFactoryRegistry     : HHH000436: Entity manager factory name (default) is already registered.  If entity manager will be clustered or passivated, specify a unique value for property 'hibernate.ejb.entitymanager_factory_name'
2017-11-16 21:06:00.067  INFO 12760 --- [    Test worker] j.LocalContainerEntityManagerFactoryBean : Initialized JPA EntityManagerFactory for persistence unit 'default'
2017-11-16 21:06:00.378  INFO 12760 --- [    Test worker] o.s.s.web.DefaultSecurityFilterChain     : Creating filter chain: org.springframework.security.web.util.matcher.AnyRequestMatcher@1, [org.springframework.security.web.context.request.async.WebAsyncManagerIntegrationFilter@332b4193, org.springframework.security.web.context.SecurityContextPersistenceFilter@55dd672a, org.springframework.security.web.header.HeaderWriterFilter@4187cc95, org.springframework.security.web.authentication.logout.LogoutFilter@1eb28d76, br.com.simnetwork.controller.JWTLoginFilter@380ed8d1, br.com.simnetwork.controller.JWTAuthenticationFilter@26f49153, org.springframework.security.web.savedrequest.RequestCacheAwareFilter@761e4353, org.springframework.security.web.servletapi.SecurityContextHolderAwareRequestFilter@982da61, org.springframework.security.web.authentication.AnonymousAuthenticationFilter@63038b2e, org.springframework.security.web.session.SessionManagementFilter@7dad5146, org.springframework.security.web.access.ExceptionTranslationFilter@2142e8c, org.springframework.security.web.access.intercept.FilterSecurityInterceptor@5312d40f]
2017-11-16 21:06:00.653  INFO 12760 --- [    Test worker] s.w.s.m.m.a.RequestMappingHandlerAdapter : Looking for @ControllerAdvice: org.springframework.web.context.support.GenericWebApplicationContext@d765661: startup date [Thu Nov 16 21:05:58 BRST 2017]; root of context hierarchy
2017-11-16 21:06:00.680  INFO 12760 --- [    Test worker] s.w.s.m.m.a.RequestMappingHandlerMapping : Mapped "{[/caixa/save],methods=[POST]}" onto public org.springframework.http.ResponseEntity<br.com.simnetwork.model.entity.Caixa> br.com.simnetwork.controller.CaixaController.save(br.com.simnetwork.model.entity.Caixa,javax.servlet.http.HttpServletRequest,javax.servlet.http.HttpServletResponse)
2017-11-16 21:06:00.681  INFO 12760 --- [    Test worker] s.w.s.m.m.a.RequestMappingHandlerMapping : Mapped "{[/caixa/findByUsuario]}" onto public org.springframework.http.ResponseEntity<java.util.Collection<br.com.simnetwork.model.entity.Caixa>> br.com.simnetwork.controller.CaixaController.findByUsuario(br.com.simnetwork.model.entity.Usuario)
2017-11-16 21:06:00.681  INFO 12760 --- [    Test worker] s.w.s.m.m.a.RequestMappingHandlerMapping : Mapped "{[/caixa/editar],methods=[POST]}" onto public org.springframework.http.ResponseEntity<br.com.simnetwork.model.entity.Caixa> br.com.simnetwork.controller.CaixaController.editar(br.com.simnetwork.model.entity.Caixa,javax.servlet.http.HttpServletRequest,javax.servlet.http.HttpServletResponse)
2017-11-16 21:06:00.685  INFO 12760 --- [    Test worker] s.w.s.m.m.a.RequestMappingHandlerMapping : Mapped "{[/medicao/insert/{idcaixa}/{medida}]}" onto public void br.com.simnetwork.controller.MedicaoController.insert(java.lang.String,java.lang.String)
2017-11-16 21:06:00.686  INFO 12760 --- [    Test worker] s.w.s.m.m.a.RequestMappingHandlerMapping : Mapped "{[/medicao/consulta/{idcaixa}/{data}]}" onto public org.springframework.http.ResponseEntity<java.util.Collection<br.com.simnetwork.model.entity.Medicao>> br.com.simnetwork.controller.MedicaoController.consulta(java.lang.String,java.lang.String)
2017-11-16 21:06:00.686  INFO 12760 --- [    Test worker] s.w.s.m.m.a.RequestMappingHandlerMapping : Mapped "{[/medicao/litros/{idcaixa}]}" onto public org.springframework.http.ResponseEntity<java.lang.Float> br.com.simnetwork.controller.MedicaoController.litros(java.lang.String)
2017-11-16 21:06:00.688  INFO 12760 --- [    Test worker] s.w.s.m.m.a.RequestMappingHandlerMapping : Mapped "{[/usuario/save],methods=[POST]}" onto public org.springframework.http.ResponseEntity<br.com.simnetwork.model.entity.Usuario> br.com.simnetwork.controller.UsuarioController.save(br.com.simnetwork.model.entity.Usuario,javax.servlet.http.HttpServletRequest,javax.servlet.http.HttpServletResponse)
2017-11-16 21:06:00.688  INFO 12760 --- [    Test worker] s.w.s.m.m.a.RequestMappingHandlerMapping : Mapped "{[/login]}" onto public org.springframework.http.ResponseEntity<br.com.simnetwork.model.entity.Usuario> br.com.simnetwork.controller.UsuarioController.login(br.com.simnetwork.model.entity.Usuario)
2017-11-16 21:06:00.694  INFO 12760 --- [    Test worker] s.w.s.m.m.a.RequestMappingHandlerMapping : Mapped "{[/error]}" onto public org.springframework.http.ResponseEntity<java.util.Map<java.lang.String, java.lang.Object>> org.springframework.boot.autoconfigure.web.BasicErrorController.error(javax.servlet.http.HttpServletRequest)
2017-11-16 21:06:00.694  INFO 12760 --- [    Test worker] s.w.s.m.m.a.RequestMappingHandlerMapping : Mapped "{[/error],produces=[text/html]}" onto public org.springframework.web.servlet.ModelAndView org.springframework.boot.autoconfigure.web.BasicErrorController.errorHtml(javax.servlet.http.HttpServletRequest,javax.servlet.http.HttpServletResponse)
2017-11-16 21:06:00.721  INFO 12760 --- [    Test worker] o.s.w.s.handler.SimpleUrlHandlerMapping  : Mapped URL path [/webjars/**] onto handler of type [class org.springframework.web.servlet.resource.ResourceHttpRequestHandler]
2017-11-16 21:06:00.722  INFO 12760 --- [    Test worker] o.s.w.s.handler.SimpleUrlHandlerMapping  : Mapped URL path [/**] onto handler of type [class org.springframework.web.servlet.resource.ResourceHttpRequestHandler]
2017-11-16 21:06:00.760  INFO 12760 --- [    Test worker] o.s.w.s.handler.SimpleUrlHandlerMapping  : Mapped URL path [/**/favicon.ico] onto handler of type [class org.springframework.web.servlet.resource.ResourceHttpRequestHandler]
2017-11-16 21:06:00.917  INFO 12760 --- [    Test worker] b.a.s.AuthenticationManagerConfiguration : 

Using default security password: d3a34061-fe5f-4393-8ae7-164de1ed239f

2017-11-16 21:06:01.132  INFO 12760 --- [    Test worker] b.c.simnetwork.test.MedicaoServiceTest   : Started MedicaoServiceTest in 3.13 seconds (JVM running for 16.154)
2017-11-16 21:06:01.150  INFO 12760 --- [    Test worker] o.s.t.c.transaction.TransactionContext   : Began transaction (1) for test context [DefaultTestContext@357f2518 testClass = MedicaoServiceTest, testInstance = br.com.simnetwork.test.MedicaoServiceTest@255a8783, testMethod = litrosAtualTest@MedicaoServiceTest, testException = [null], mergedContextConfiguration = [WebMergedContextConfiguration@5e8ea3cf testClass = MedicaoServiceTest, locations = '{}', classes = '{class br.com.simnetwork.Application, class br.com.simnetwork.test.MedicaoServiceTest$MedicaoTestContextConfiguration}', contextInitializerClasses = '[]', activeProfiles = '{}', propertySourceLocations = '{}', propertySourceProperties = '{org.springframework.boot.test.context.SpringBootTestContextBootstrapper=true}', contextCustomizers = set[org.springframework.boot.test.autoconfigure.properties.PropertyMappingContextCustomizer@0, org.springframework.boot.test.autoconfigure.web.servlet.WebDriverContextCustomizerFactory$Customizer@2bf816eb, org.springframework.boot.test.context.SpringBootTestContextCustomizer@4944d796, org.springframework.boot.test.context.filter.ExcludeFilterContextCustomizer@ec0f50f, org.springframework.boot.test.json.DuplicateJsonObjectContextCustomizerFactory$DuplicateJsonObjectContextCustomizer@6b26d08f, org.springframework.boot.test.mock.mockito.MockitoContextCustomizer@0], resourceBasePath = 'src/main/webapp', contextLoader = 'org.springframework.boot.test.context.SpringBootContextLoader', parent = [null]]]; transaction manager [org.springframework.orm.jpa.JpaTransactionManager@29c023fb]; rollback [true]
2017-11-16 21:06:01.153  INFO 12760 --- [    Test worker] o.h.h.i.QueryTranslatorFactoryInitiator  : HHH000397: Using ASTQueryTranslatorFactory
Hibernate: select usuario0_.seq_usuario as seq_usua1_2_, usuario0_.login as login2_2_, usuario0_.senha as senha3_2_ from usuario usuario0_ where usuario0_.login=?
Hibernate: insert into usuario (login, senha) values (?, ?)
Hibernate: select usuario0_.seq_usuario as seq_usua1_2_, usuario0_.login as login2_2_, usuario0_.senha as senha3_2_ from usuario usuario0_ where usuario0_.login=?
Hibernate: insert into caixa_dagua (capacidade, medida_max, seq_usuario) values (?, ?, ?)
Hibernate: select usuario0_.seq_usuario as seq_usua1_2_, usuario0_.login as login2_2_, usuario0_.senha as senha3_2_ from usuario usuario0_ where usuario0_.login=?
Hibernate: select caixa0_.seq_caixa as seq_caix1_0_, caixa0_.capacidade as capacida2_0_, caixa0_.medida_max as medida_m3_0_, caixa0_.seq_usuario as seq_usua4_0_ from caixa_dagua caixa0_ left outer join usuario usuario1_ on caixa0_.seq_usuario=usuario1_.seq_usuario where usuario1_.seq_usuario=?
2017-11-16 21:06:01.196  INFO 12760 --- [    Test worker] o.s.t.c.transaction.TransactionContext   : Rolled back transaction for test context [DefaultTestContext@357f2518 testClass = MedicaoServiceTest, testInstance = br.com.simnetwork.test.MedicaoServiceTest@255a8783, testMethod = litrosAtualTest@MedicaoServiceTest, testException = [null], mergedContextConfiguration = [WebMergedContextConfiguration@5e8ea3cf testClass = MedicaoServiceTest, locations = '{}', classes = '{class br.com.simnetwork.Application, class br.com.simnetwork.test.MedicaoServiceTest$MedicaoTestContextConfiguration}', contextInitializerClasses = '[]', activeProfiles = '{}', propertySourceLocations = '{}', propertySourceProperties = '{org.springframework.boot.test.context.SpringBootTestContextBootstrapper=true}', contextCustomizers = set[org.springframework.boot.test.autoconfigure.properties.PropertyMappingContextCustomizer@0, org.springframework.boot.test.autoconfigure.web.servlet.WebDriverContextCustomizerFactory$Customizer@2bf816eb, org.springframework.boot.test.context.SpringBootTestContextCustomizer@4944d796, org.springframework.boot.test.context.filter.ExcludeFilterContextCustomizer@ec0f50f, org.springframework.boot.test.json.DuplicateJsonObjectContextCustomizerFactory$DuplicateJsonObjectContextCustomizer@6b26d08f, org.springframework.boot.test.mock.mockito.MockitoContextCustomizer@0], resourceBasePath = 'src/main/webapp', contextLoader = 'org.springframework.boot.test.context.SpringBootContextLoader', parent = [null]]].
2017-11-16 21:06:01.199  INFO 12760 --- [    Test worker] o.s.t.c.transaction.TransactionContext   : Began transaction (1) for test context [DefaultTestContext@357f2518 testClass = MedicaoServiceTest, testInstance = br.com.simnetwork.test.MedicaoServiceTest@48237995, testMethod = medicaoControladaTest@MedicaoServiceTest, testException = [null], mergedContextConfiguration = [WebMergedContextConfiguration@5e8ea3cf testClass = MedicaoServiceTest, locations = '{}', classes = '{class br.com.simnetwork.Application, class br.com.simnetwork.test.MedicaoServiceTest$MedicaoTestContextConfiguration}', contextInitializerClasses = '[]', activeProfiles = '{}', propertySourceLocations = '{}', propertySourceProperties = '{org.springframework.boot.test.context.SpringBootTestContextBootstrapper=true}', contextCustomizers = set[org.springframework.boot.test.autoconfigure.properties.PropertyMappingContextCustomizer@0, org.springframework.boot.test.autoconfigure.web.servlet.WebDriverContextCustomizerFactory$Customizer@2bf816eb, org.springframework.boot.test.context.SpringBootTestContextCustomizer@4944d796, org.springframework.boot.test.context.filter.ExcludeFilterContextCustomizer@ec0f50f, org.springframework.boot.test.json.DuplicateJsonObjectContextCustomizerFactory$DuplicateJsonObjectContextCustomizer@6b26d08f, org.springframework.boot.test.mock.mockito.MockitoContextCustomizer@0], resourceBasePath = 'src/main/webapp', contextLoader = 'org.springframework.boot.test.context.SpringBootContextLoader', parent = [null]]]; transaction manager [org.springframework.orm.jpa.JpaTransactionManager@29c023fb]; rollback [true]
Hibernate: select usuario0_.seq_usuario as seq_usua1_2_, usuario0_.login as login2_2_, usuario0_.senha as senha3_2_ from usuario usuario0_ where usuario0_.login=?
Hibernate: insert into usuario (login, senha) values (?, ?)
Hibernate: select usuario0_.seq_usuario as seq_usua1_2_, usuario0_.login as login2_2_, usuario0_.senha as senha3_2_ from usuario usuario0_ where usuario0_.login=?
Hibernate: insert into caixa_dagua (capacidade, medida_max, seq_usuario) values (?, ?, ?)
Hibernate: select usuario0_.seq_usuario as seq_usua1_2_, usuario0_.login as login2_2_, usuario0_.senha as senha3_2_ from usuario usuario0_ where usuario0_.login=?
Hibernate: select caixa0_.seq_caixa as seq_caix1_0_, caixa0_.capacidade as capacida2_0_, caixa0_.medida_max as medida_m3_0_, caixa0_.seq_usuario as seq_usua4_0_ from caixa_dagua caixa0_ left outer join usuario usuario1_ on caixa0_.seq_usuario=usuario1_.seq_usuario where usuario1_.seq_usuario=?
Hibernate: insert into medicao (caixa_dagua_seq_caixa, data_hora, medida) values (?, ?, ?)
Hibernate: select medicao0_.seq_medicao as seq_medi1_1_, medicao0_.caixa_dagua_seq_caixa as caixa_da4_1_, medicao0_.data_hora as data_hor2_1_, medicao0_.medida as medida3_1_ from medicao medicao0_ left outer join caixa_dagua caixa1_ on medicao0_.caixa_dagua_seq_caixa=caixa1_.seq_caixa where caixa1_.seq_caixa=? and (medicao0_.data_hora between ? and ?)
2017-11-16 21:06:01.247  INFO 12760 --- [    Test worker] o.s.t.c.transaction.TransactionContext   : Rolled back transaction for test context [DefaultTestContext@357f2518 testClass = MedicaoServiceTest, testInstance = br.com.simnetwork.test.MedicaoServiceTest@48237995, testMethod = medicaoControladaTest@MedicaoServiceTest, testException = [null], mergedContextConfiguration = [WebMergedContextConfiguration@5e8ea3cf testClass = MedicaoServiceTest, locations = '{}', classes = '{class br.com.simnetwork.Application, class br.com.simnetwork.test.MedicaoServiceTest$MedicaoTestContextConfiguration}', contextInitializerClasses = '[]', activeProfiles = '{}', propertySourceLocations = '{}', propertySourceProperties = '{org.springframework.boot.test.context.SpringBootTestContextBootstrapper=true}', contextCustomizers = set[org.springframework.boot.test.autoconfigure.properties.PropertyMappingContextCustomizer@0, org.springframework.boot.test.autoconfigure.web.servlet.WebDriverContextCustomizerFactory$Customizer@2bf816eb, org.springframework.boot.test.context.SpringBootTestContextCustomizer@4944d796, org.springframework.boot.test.context.filter.ExcludeFilterContextCustomizer@ec0f50f, org.springframework.boot.test.json.DuplicateJsonObjectContextCustomizerFactory$DuplicateJsonObjectContextCustomizer@6b26d08f, org.springframework.boot.test.mock.mockito.MockitoContextCustomizer@0], resourceBasePath = 'src/main/webapp', contextLoader = 'org.springframework.boot.test.context.SpringBootContextLoader', parent = [null]]].
]]></system-out>
  <system-err><![CDATA[]]></system-err>
</testsuite>
