<?xml version="1.0" encoding="UTF-8"?>
<testsuite name="br.com.simnetwork.test.CaixaServiceTest" tests="2" skipped="0" failures="0" errors="0" timestamp="2017-11-15T14:49:27" hostname="Universe" time="0.587">
  <properties/>
  <testcase name="testeSalvar" classname="br.com.simnetwork.test.CaixaServiceTest" time="0.545"/>
  <testcase name="testeEditarMedidas" classname="br.com.simnetwork.test.CaixaServiceTest" time="0.039"/>
  <system-out><![CDATA[12:49:14.999 [Test worker] DEBUG org.springframework.test.context.junit4.SpringJUnit4ClassRunner - SpringJUnit4ClassRunner constructor called with [class br.com.simnetwork.test.CaixaServiceTest]
12:49:15.013 [Test worker] DEBUG org.springframework.test.context.BootstrapUtils - Instantiating CacheAwareContextLoaderDelegate from class [org.springframework.test.context.cache.DefaultCacheAwareContextLoaderDelegate]
12:49:15.027 [Test worker] DEBUG org.springframework.test.context.BootstrapUtils - Instantiating BootstrapContext using constructor [public org.springframework.test.context.support.DefaultBootstrapContext(java.lang.Class,org.springframework.test.context.CacheAwareContextLoaderDelegate)]
12:49:15.065 [Test worker] DEBUG org.springframework.test.context.BootstrapUtils - Instantiating TestContextBootstrapper for test class [br.com.simnetwork.test.CaixaServiceTest] from class [org.springframework.boot.test.context.SpringBootTestContextBootstrapper]
12:49:15.105 [Test worker] DEBUG org.springframework.test.context.support.AbstractContextLoader - Did not detect default resource location for test class [br.com.simnetwork.test.CaixaServiceTest]: class path resource [br/com/simnetwork/test/CaixaServiceTest-context.xml] does not exist
12:49:15.106 [Test worker] DEBUG org.springframework.test.context.support.AbstractContextLoader - Did not detect default resource location for test class [br.com.simnetwork.test.CaixaServiceTest]: class path resource [br/com/simnetwork/test/CaixaServiceTestContext.groovy] does not exist
12:49:15.107 [Test worker] INFO org.springframework.test.context.support.AbstractContextLoader - Could not detect default resource locations for test class [br.com.simnetwork.test.CaixaServiceTest]: no resource found for suffixes {-context.xml, Context.groovy}.
12:49:15.217 [Test worker] DEBUG org.springframework.test.context.support.ActiveProfilesUtils - Could not find an 'annotation declaring class' for annotation type [org.springframework.test.context.ActiveProfiles] and class [br.com.simnetwork.test.CaixaServiceTest]
12:49:15.234 [Test worker] DEBUG org.springframework.core.env.StandardEnvironment - Adding PropertySource 'systemProperties' with lowest search precedence
12:49:15.234 [Test worker] DEBUG org.springframework.core.env.StandardEnvironment - Adding PropertySource 'systemEnvironment' with lowest search precedence
12:49:15.235 [Test worker] DEBUG org.springframework.core.env.StandardEnvironment - Initialized StandardEnvironment with PropertySources [MapPropertySource@746275307 {name='systemProperties', properties={java.runtime.name=Java(TM) SE Runtime Environment, sun.boot.library.path=C:\Program Files\Java\jdk1.8.0_131\jre\bin, java.vm.version=25.131-b11, java.vm.vendor=Oracle Corporation, java.vendor.url=http://java.oracle.com/, path.separator=;, java.vm.name=Java HotSpot(TM) 64-Bit Server VM, file.encoding.pkg=sun.io, user.script=, sun.java.launcher=SUN_STANDARD, user.country=BR, sun.os.patch.level=, java.vm.specification.name=Java Virtual Machine Specification, user.dir=E:\Online\Público\gs-securing-web\complete, java.runtime.version=1.8.0_131-b11, java.awt.graphicsenv=sun.awt.Win32GraphicsEnvironment, java.endorsed.dirs=C:\Program Files\Java\jdk1.8.0_131\jre\lib\endorsed, os.arch=amd64, java.io.tmpdir=C:\Users\felip\AppData\Local\Temp\, line.separator=
, java.vm.specification.vendor=Oracle Corporation, user.variant=, os.name=Windows 10, sun.jnu.encoding=Cp1252, java.library.path=C:\Program Files\Java\jdk1.8.0_131\bin;C:\WINDOWS\Sun\Java\bin;C:\WINDOWS\system32;C:\WINDOWS;C:/Program Files/Java/jre1.8.0_131/bin/server;C:/Program Files/Java/jre1.8.0_131/bin;C:/Program Files/Java/jre1.8.0_131/lib/amd64;C:\ProgramData\Oracle\Java\javapath;C:\app\felip\virtual\virtual\product\12.2.0\dbhome_1\bin;C:\Windows\system32;C:\Windows;C:\Windows\System32\Wbem;C:\Windows\System32\WindowsPowerShell\v1.0\;C:\Program Files\Git\cmd;C:\Program Files (x86)\NVIDIA Corporation\PhysX\Common;C:\Program Files\MySQL\MySQL Server 5.7\bin;C:\Program Files\apache-maven-3.5.0\bin;C:\Program Files\Java\jdk1.8.0_131\bin;C:\Program Files (x86)\Skype\Phone\;C:\HashiCorp\Vagrant\bin;C:\WINDOWS\system32;C:\WINDOWS;C:\WINDOWS\System32\Wbem;C:\WINDOWS\System32\WindowsPowerShell\v1.0\;C:\Program Files\PostgreSQL\9.6\bin;C:\Program Files (x86)\Bitvise SSH Client;C:\Program Files\MongoDB\Server\3.4\bin;C:\Program Files (x86)\Microsoft SQL Server\100\Tools\Binn\;C:\Program Files\Microsoft SQL Server\100\Tools\Binn\;C:\Program Files\Microsoft SQL Server\100\DTS\Binn\;C:\Program Files (x86)\Microsoft SQL Server\100\Tools\Binn\VSShell\Common7\IDE\;C:\Program Files (x86)\Microsoft SQL Server\100\DTS\Binn\;C:\Program Files (x86)\Microsoft Visual Studio 9.0\Common7\IDE\PrivateAssemblies\;C:\Gradle\bin;C:\Program Files\Heroku\bin;C:\Users\felip\AppData\Local\Microsoft\WindowsApps;C:\Gradle\bin;C:\Python27;;C:\WINDOWS\System32;;., java.specification.name=Java Platform API Specification, java.class.version=52.0, org.gradle.native=false, sun.management.compiler=HotSpot 64-Bit Tiered Compilers, os.version=10.0, user.home=C:\Users\felip, user.timezone=America/Sao_Paulo, java.awt.printerjob=sun.awt.windows.WPrinterJob, file.encoding=windows-1252, java.specification.version=1.8, java.class.path=E:\Online\Público\gs-securing-web\complete\build\classes\java\test;E:\Online\Público\gs-securing-web\complete\build\resources\test;E:\Online\Público\gs-securing-web\complete\build\classes\java\main;E:\Online\Público\gs-securing-web\complete\build\resources\main;C:\Users\felip\.gradle\caches\modules-2\files-2.1\org.springframework.boot\spring-boot-starter-thymeleaf\1.5.8.RELEASE\255b749537ca0fa48adeb0c15cf48734b9ffcf5e\spring-boot-starter-thymeleaf-1.5.8.RELEASE.jar;C:\Users\felip\.gradle\caches\modules-2\files-2.1\org.springframework.boot\spring-boot-starter-data-jpa\1.1.4.RELEASE\9e5d736f66dc2c77e1bae89002ea31e2d08741cb\spring-boot-starter-data-jpa-1.1.4.RELEASE.jar;C:\Users\felip\.gradle\caches\modules-2\files-2.1\javax.servlet\javax.servlet-api\3.1.0\3cd63d075497751784b2fa84be59432f4905bf7c\javax.servlet-api-3.1.0.jar;C:\Users\felip\.gradle\caches\modules-2\files-2.1\org.hibernate\hibernate-entitymanager\5.0.12.Final\302a526f5058290e9cbd719a5caf9f248d344719\hibernate-entitymanager-5.0.12.Final.jar;C:\Users\felip\.gradle\caches\modules-2\files-2.1\org.thymeleaf\thymeleaf-spring4\2.1.5.RELEASE\74cb9028e99597b5d71a98e919fd531a7fc290b4\thymeleaf-spring4-2.1.5.RELEASE.jar;C:\Users\felip\.gradle\caches\modules-2\files-2.1\nz.net.ultraq.thymeleaf\thymeleaf-layout-dialect\1.4.0\8d7810c069ed1534b9631fb1e85c35973546086\thymeleaf-layout-dialect-1.4.0.jar;C:\Users\felip\.gradle\caches\modules-2\files-2.1\org.thymeleaf\thymeleaf\2.1.5.RELEASE\513bffa3daaac277460c1a0a2dccb228fa40569e\thymeleaf-2.1.5.RELEASE.jar;C:\Users\felip\.gradle\caches\modules-2\files-2.1\org.hibernate\hibernate-core\5.0.12.Final\e58bf1c660e6706d8e2cbb53bae110f574366102\hibernate-core-5.0.12.Final.jar;C:\Users\felip\.gradle\caches\modules-2\files-2.1\org.javassist\javassist\3.15.0-GA\79907309ca4bb4e5e51d4086cc4179b2611358d7\javassist-3.15.0-GA.jar;C:\Users\felip\.gradle\caches\modules-2\files-2.1\commons-dbcp\commons-dbcp\1.4\30be73c965cc990b153a100aaaaafcf239f82d39\commons-dbcp-1.4.jar;C:\Users\felip\.gradle\caches\modules-2\files-2.1\org.postgresql\postgresql\42.1.4.jre7\942cf34b1cae0fc1d6dbab8a5d4e1c339b80e613\postgresql-42.1.4.jre7.jar;C:\Users\felip\.gradle\caches\modules-2\files-2.1\org.springframework.boot\spring-boot-starter-test\1.5.8.RELEASE\20b767f594924b32950286f1236ab7d68ff861f9\spring-boot-starter-test-1.5.8.RELEASE.jar;C:\Users\felip\.gradle\caches\modules-2\files-2.1\org.springframework.boot\spring-boot-starter-web\1.5.8.RELEASE\7e0dc79e3b47be4539ad3c033639133ae6b7a17e\spring-boot-starter-web-1.5.8.RELEASE.jar;C:\Users\felip\.gradle\caches\modules-2\files-2.1\org.springframework.boot\spring-boot-starter-aop\1.5.8.RELEASE\9bc9a40e0718726ed48f6becc509b2d186f1ebcc\spring-boot-starter-aop-1.5.8.RELEASE.jar;C:\Users\felip\.gradle\caches\modules-2\files-2.1\org.springframework.boot\spring-boot-starter-jdbc\1.5.8.RELEASE\fc98631eba9817c920b9ac1c5845214f49637a33\spring-boot-starter-jdbc-1.5.8.RELEASE.jar;C:\Users\felip\.gradle\caches\modules-2\files-2.1\org.springframework.boot\spring-boot-starter\1.5.8.RELEASE\18048efe1f06569022a53cc3fb2fe9c0162935a3\spring-boot-starter-1.5.8.RELEASE.jar;C:\Users\felip\.gradle\caches\modules-2\files-2.1\org.springframework.data\spring-data-jpa\1.11.8.RELEASE\d674b8407de3d2998c106557fd6a6665de2bc217\spring-data-jpa-1.11.8.RELEASE.jar;C:\Users\felip\.gradle\caches\modules-2\files-2.1\org.springframework\spring-orm\4.3.12.RELEASE\47bbe35a92944aeedf06a388098581272f8db9bd\spring-orm-4.3.12.RELEASE.jar;C:\Users\felip\.gradle\caches\modules-2\files-2.1\org.springframework\spring-test\4.3.12.RELEASE\825a7ac1014528db722a6cc94cceaef2410cb314\spring-test-4.3.12.RELEASE.jar;C:\Users\felip\.gradle\caches\modules-2\files-2.1\org.springframework.boot\spring-boot-test-autoconfigure\1.5.8.RELEASE\a8f986cc4b6ecef1417fe50c20984f12f54d15cc\spring-boot-test-autoconfigure-1.5.8.RELEASE.jar;C:\Users\felip\.gradle\caches\modules-2\files-2.1\org.springframework.boot\spring-boot-test\1.5.8.RELEASE\17dedee86d1a9e9bd409d715fd90650ca1049659\spring-boot-test-1.5.8.RELEASE.jar;C:\Users\felip\.gradle\caches\modules-2\files-2.1\org.springframework.boot\spring-boot-autoconfigure\1.5.8.RELEASE\e4f2efa4c319f4e3613d94fbccfdb5ccda6873e3\spring-boot-autoconfigure-1.5.8.RELEASE.jar;C:\Users\felip\.gradle\caches\modules-2\files-2.1\org.springframework.boot\spring-boot\1.5.8.RELEASE\748ebde51761e12627ad23d064024f342b18f9b4\spring-boot-1.5.8.RELEASE.jar;C:\Users\felip\.gradle\caches\modules-2\files-2.1\org.springframework\spring-webmvc\4.3.12.RELEASE\986e5dcd4435e780f6be64f8185eaa51523cf851\spring-webmvc-4.3.12.RELEASE.jar;C:\Users\felip\.gradle\caches\modules-2\files-2.1\org.springframework\spring-web\4.3.12.RELEASE\86c29588cca74d0fc848b194cb13fcdfd12bc990\spring-web-4.3.12.RELEASE.jar;C:\Users\felip\.gradle\caches\modules-2\files-2.1\org.springframework\spring-jdbc\4.3.12.RELEASE\5c840abbdc1a1dfd0f79c4a4c25eac0c98e6af22\spring-jdbc-4.3.12.RELEASE.jar;C:\Users\felip\.gradle\caches\modules-2\files-2.1\org.springframework\spring-tx\4.3.12.RELEASE\7147b6839b2bf9db3621b79c73b4dddbe69572b6\spring-tx-4.3.12.RELEASE.jar;C:\Users\felip\.gradle\caches\modules-2\files-2.1\org.springframework.data\spring-data-commons\1.13.8.RELEASE\2853e3c38e02d42529f6c8b247d7bace40c25642\spring-data-commons-1.13.8.RELEASE.jar;C:\Users\felip\.gradle\caches\modules-2\files-2.1\org.springframework\spring-context\4.3.12.RELEASE\5e6d26f36636f36b7efec1d6a0c5991284fbd95b\spring-context-4.3.12.RELEASE.jar;C:\Users\felip\.gradle\caches\modules-2\files-2.1\org.springframework\spring-expression\4.3.12.RELEASE\790f69f6ad7f9da8d4a92c603ad7244c398c8309\spring-expression-4.3.12.RELEASE.jar;C:\Users\felip\.gradle\caches\modules-2\files-2.1\org.springframework\spring-aop\4.3.12.RELEASE\b3fef085902993c2ef874c45c7bfd79296d5a5a4\spring-aop-4.3.12.RELEASE.jar;C:\Users\felip\.gradle\caches\modules-2\files-2.1\org.springframework\spring-beans\4.3.12.RELEASE\547dd432d47d0f01d9ccbedc4b705f9f7c1240a\spring-beans-4.3.12.RELEASE.jar;C:\Users\felip\.gradle\caches\modules-2\files-2.1\org.springframework\spring-core\4.3.12.RELEASE\4cebc69478c6d350dbd5af28e3db7d5694f416e3\spring-core-4.3.12.RELEASE.jar;C:\Users\felip\.gradle\caches\modules-2\files-2.1\org.springframework\spring-aspects\4.3.12.RELEASE\b0002bfdd0d58f09fc178afc5f2d0553ff117840\spring-aspects-4.3.12.RELEASE.jar;C:\Users\felip\.gradle\caches\modules-2\files-2.1\commons-pool\commons-pool\1.6\4572d589699f09d866a226a14b7f4323c6d8f040\commons-pool-1.6.jar;C:\Users\felip\.gradle\caches\modules-2\files-2.1\com.jayway.jsonpath\json-path\2.2.0\22290d17944bd239fabf5ac69005a60a7ecbbbcb\json-path-2.2.0.jar;C:\Users\felip\.gradle\caches\modules-2\files-2.1\junit\junit\4.12\2973d150c0dc1fefe998f834810d68f278ea58ec\junit-4.12.jar;C:\Users\felip\.gradle\caches\modules-2\files-2.1\org.assertj\assertj-core\2.6.0\b532c3fc4f66bcfee4989a3514f1cd56203a33ad\assertj-core-2.6.0.jar;C:\Users\felip\.gradle\caches\modules-2\files-2.1\org.mockito\mockito-core\1.10.19\e8546f5bef4e061d8dd73895b4e8f40e3fe6effe\mockito-core-1.10.19.jar;C:\Users\felip\.gradle\caches\modules-2\files-2.1\org.hamcrest\hamcrest-library\1.3\4785a3c21320980282f9f33d0d1264a69040538f\hamcrest-library-1.3.jar;C:\Users\felip\.gradle\caches\modules-2\files-2.1\org.hamcrest\hamcrest-core\1.3\42a25dc3219429f0e5d060061f71acb49bf010a0\hamcrest-core-1.3.jar;C:\Users\felip\.gradle\caches\modules-2\files-2.1\org.skyscreamer\jsonassert\1.4.0\9cdbb373a06f6513e51e8c545ee6a5e981463edb\jsonassert-1.4.0.jar;C:\Users\felip\.gradle\caches\modules-2\files-2.1\org.springframework.boot\spring-boot-starter-logging\1.5.8.RELEASE\ebc00a0e46753d90431fdcc5e3d6b9fd3bf1564a\spring-boot-starter-logging-1.5.8.RELEASE.jar;C:\Users\felip\.gradle\caches\modules-2\files-2.1\org.yaml\snakeyaml\1.17\7a27ea250c5130b2922b86dea63cbb1cc10a660c\snakeyaml-1.17.jar;C:\Users\felip\.gradle\caches\modules-2\files-2.1\org.springframework.boot\spring-boot-starter-tomcat\1.5.8.RELEASE\cf3b7eb7e192a60ab1dd09e4f8bce82710a5feb0\spring-boot-starter-tomcat-1.5.8.RELEASE.jar;C:\Users\felip\.gradle\caches\modules-2\files-2.1\org.hibernate\hibernate-validator\5.3.5.Final\622a9bcef2eed6d41b5b8e0662c36212009e375\hibernate-validator-5.3.5.Final.jar;C:\Users\felip\.gradle\caches\modules-2\files-2.1\com.fasterxml.jackson.core\jackson-databind\2.8.10\f7b83cb2bc4b88d53961e749e1ad32f49ef017b7\jackson-databind-2.8.10.jar;C:\Users\felip\.gradle\caches\modules-2\files-2.1\org.slf4j\jcl-over-slf4j\1.7.25\f8c32b13ff142a513eeb5b6330b1588dcb2c0461\jcl-over-slf4j-1.7.25.jar;C:\Users\felip\.gradle\caches\modules-2\files-2.1\ch.qos.logback\logback-classic\1.1.11\ccedfbacef4a6515d2983e3f89ed753d5d4fb665\logback-classic-1.1.11.jar;C:\Users\felip\.gradle\caches\modules-2\files-2.1\org.slf4j\jul-to-slf4j\1.7.25\af5364cd6679bfffb114f0dec8a157aaa283b76\jul-to-slf4j-1.7.25.jar;C:\Users\felip\.gradle\caches\modules-2\files-2.1\org.slf4j\log4j-over-slf4j\1.7.25\a87bb47468f47ee7aabbd54f93e133d4215769c3\log4j-over-slf4j-1.7.25.jar;C:\Users\felip\.gradle\caches\modules-2\files-2.1\org.slf4j\slf4j-api\1.7.25\da76ca59f6a57ee3102f8f9bd9cee742973efa8a\slf4j-api-1.7.25.jar;C:\Users\felip\.gradle\caches\modules-2\files-2.1\org.codehaus.groovy\groovy\2.4.12\a43be367110c491787219f1c128b5b5fc54f1e70\groovy-2.4.12.jar;C:\Users\felip\.gradle\caches\modules-2\files-2.1\org.aspectj\aspectjweaver\1.8.11\9807e0e13c8a295f15882721db50fa3d142c44a9\aspectjweaver-1.8.11.jar;C:\Users\felip\.gradle\caches\modules-2\files-2.1\org.apache.tomcat\tomcat-jdbc\8.5.23\6036400a8f2d90dd3ae3a4d09e5136c56002887b\tomcat-jdbc-8.5.23.jar;C:\Users\felip\.gradle\caches\modules-2\files-2.1\org.hibernate.common\hibernate-commons-annotations\5.0.1.Final\71e1cff3fcb20d3b3af4f3363c3ddb24d33c6879\hibernate-commons-annotations-5.0.1.Final.jar;C:\Users\felip\.gradle\caches\modules-2\files-2.1\org.jboss.logging\jboss-logging\3.3.1.Final\c46217ab74b532568c0ed31dc599db3048bd1b67\jboss-logging-3.3.1.Final.jar;C:\Users\felip\.gradle\caches\modules-2\files-2.1\dom4j\dom4j\1.6.1\5d3ccc056b6f056dbf0dddfdf43894b9065a8f94\dom4j-1.6.1.jar;C:\Users\felip\.gradle\caches\modules-2\files-2.1\org.hibernate.javax.persistence\hibernate-jpa-2.1-api\1.0.0.Final\5e731d961297e5a07290bfaf3db1fbc8bbbf405a\hibernate-jpa-2.1-api-1.0.0.Final.jar;C:\Users\felip\.gradle\caches\modules-2\files-2.1\org.apache.geronimo.specs\geronimo-jta_1.1_spec\1.1.1\aabab3165b8ea936b9360abbf448459c0d04a5a4\geronimo-jta_1.1_spec-1.1.1.jar;C:\Users\felip\.gradle\caches\modules-2\files-2.1\org.aspectj\aspectjrt\1.8.11\8810071477b9700a180350b331a8f3a8707b2f16\aspectjrt-1.8.11.jar;C:\Users\felip\.gradle\caches\modules-2\files-2.1\net.minidev\json-smart\2.2.1\5b9e5df7a62d1279b70dc882b041d249c4f0b002\json-smart-2.2.1.jar;C:\Users\felip\.gradle\caches\modules-2\files-2.1\org.objenesis\objenesis\2.1\87c0ea803b69252868d09308b4618f766f135a96\objenesis-2.1.jar;C:\Users\felip\.gradle\caches\modules-2\files-2.1\com.vaadin.external.google\android-json\0.0.20131108.vaadin1\fa26d351fe62a6a17f5cda1287c1c6110dec413f\android-json-0.0.20131108.vaadin1.jar;C:\Users\felip\.gradle\caches\modules-2\files-2.1\org.apache.tomcat.embed\tomcat-embed-websocket\8.5.23\52f07abcae10dc7e1764304b0877def175c2c833\tomcat-embed-websocket-8.5.23.jar;C:\Users\felip\.gradle\caches\modules-2\files-2.1\org.apache.tomcat.embed\tomcat-embed-core\8.5.23\79261793a47f507890ee08f749b9d81774e4f7f0\tomcat-embed-core-8.5.23.jar;C:\Users\felip\.gradle\caches\modules-2\files-2.1\org.apache.tomcat.embed\tomcat-embed-el\8.5.23\98d979cde444dffa6d434c8377d0123b2dfa614c\tomcat-embed-el-8.5.23.jar;C:\Users\felip\.gradle\caches\modules-2\files-2.1\javax.validation\validation-api\1.1.0.Final\8613ae82954779d518631e05daa73a6a954817d5\validation-api-1.1.0.Final.jar;C:\Users\felip\.gradle\caches\modules-2\files-2.1\com.fasterxml\classmate\1.3.4\3d5f48f10bbe4eb7bd862f10c0583be2e0053c6\classmate-1.3.4.jar;C:\Users\felip\.gradle\caches\modules-2\files-2.1\com.fasterxml.jackson.core\jackson-annotations\2.8.0\45b426f7796b741035581a176744d91090e2e6fb\jackson-annotations-2.8.0.jar;C:\Users\felip\.gradle\caches\modules-2\files-2.1\com.fasterxml.jackson.core\jackson-core\2.8.10\eb21a035c66ad307e66ec8fce37f5d50fd62d039\jackson-core-2.8.10.jar;C:\Users\felip\.gradle\caches\modules-2\files-2.1\ognl\ognl\3.0.8\37e1aebfde7eb7baebc9ad4f85116ef9009c5fc5\ognl-3.0.8.jar;C:\Users\felip\.gradle\caches\modules-2\files-2.1\org.unbescape\unbescape\1.1.0.RELEASE\ab0db4fe0a6fa89fb8da2a40008a4e63a7f3f5b9\unbescape-1.1.0.RELEASE.jar;C:\Users\felip\.gradle\caches\modules-2\files-2.1\org.apache.tomcat\tomcat-juli\8.5.23\98e7f0610b7b2fb8303f11be0210e3f5a56a7d55\tomcat-juli-8.5.23.jar;C:\Users\felip\.gradle\caches\modules-2\files-2.1\antlr\antlr\2.7.7\83cd2cd674a217ade95a4bb83a8a14f351f48bd0\antlr-2.7.7.jar;C:\Users\felip\.gradle\caches\modules-2\files-2.1\org.jboss\jandex\2.0.0.Final\3e899258936f94649c777193e1be846387ed54b3\jandex-2.0.0.Final.jar;C:\Users\felip\.gradle\caches\modules-2\files-2.1\net.minidev\accessors-smart\1.1\a527213f2fea112a04c9bdf0ec0264e34104cd08\accessors-smart-1.1.jar;C:\Users\felip\.gradle\caches\modules-2\files-2.1\ch.qos.logback\logback-core\1.1.11\88b8df40340eed549fb07e2613879bf6b006704d\logback-core-1.1.11.jar;C:\Users\felip\.gradle\caches\modules-2\files-2.1\org.apache.tomcat\tomcat-annotations-api\8.5.23\aaf17df9fe0240e9e9d5375d24d5f177174b73d9\tomcat-annotations-api-8.5.23.jar;C:\Users\felip\.gradle\caches\modules-2\files-2.1\org.ow2.asm\asm\5.0.3\dcc2193db20e19e1feca8b1240dbbc4e190824fa\asm-5.0.3.jar, user.name=felip, java.vm.specification.version=1.8, sun.java.command=worker.org.gradle.process.internal.worker.GradleWorkerMain 'Gradle Test Executor 1', java.home=C:\Program Files\Java\jdk1.8.0_131\jre, sun.arch.data.model=64, user.language=pt, java.specification.vendor=Oracle Corporation, awt.toolkit=sun.awt.windows.WToolkit, java.vm.info=mixed mode, java.version=1.8.0_131, java.ext.dirs=C:\Program Files\Java\jdk1.8.0_131\jre\lib\ext;C:\WINDOWS\Sun\Java\lib\ext, sun.boot.class.path=C:\Program Files\Java\jdk1.8.0_131\jre\lib\resources.jar;C:\Program Files\Java\jdk1.8.0_131\jre\lib\rt.jar;C:\Program Files\Java\jdk1.8.0_131\jre\lib\sunrsasign.jar;C:\Program Files\Java\jdk1.8.0_131\jre\lib\jsse.jar;C:\Program Files\Java\jdk1.8.0_131\jre\lib\jce.jar;C:\Program Files\Java\jdk1.8.0_131\jre\lib\charsets.jar;C:\Program Files\Java\jdk1.8.0_131\jre\lib\jfr.jar;C:\Program Files\Java\jdk1.8.0_131\jre\classes, java.vendor=Oracle Corporation, org.gradle.test.worker=1, file.separator=\, java.vendor.url.bug=http://bugreport.sun.com/bugreport/, sun.io.unicode.encoding=UnicodeLittle, sun.cpu.endian=little, sun.desktop=windows, sun.cpu.isalist=amd64}}, SystemEnvironmentPropertySource@439083250 {name='systemEnvironment', properties={USERDOMAIN_ROAMINGPROFILE=UNIVERSE, PROCESSOR_LEVEL=6, SESSIONNAME=Console, ALLUSERSPROFILE=C:\ProgramData, PROCESSOR_ARCHITECTURE=AMD64, PSModulePath=C:\WINDOWS\system32\WindowsPowerShell\v1.0\Modules\, SystemDrive=C:, =E:=E:\Online\Público\gs-securing-web\complete, DIRNAME=C:\Gradle\bin\, USERNAME=felip, CMD_LINE_ARGS=clean build bootRun, ProgramFiles(x86)=C:\Program Files (x86), FPS_BROWSER_USER_PROFILE_STRING=Default, APP_HOME=C:\Gradle\bin\.., PATHEXT=.COM;.EXE;.BAT;.CMD;.VBS;.VBE;.JS;.JSE;.WSF;.WSH;.MSC, ProgramData=C:\ProgramData, ProgramW6432=C:\Program Files, HOMEPATH=\Users\felip, PROCESSOR_IDENTIFIER=Intel64 Family 6 Model 61 Stepping 4, GenuineIntel, ProgramFiles=C:\Program Files, PUBLIC=C:\Users\Public, windir=C:\WINDOWS, =::=::\, _SKIP=2, LOCALAPPDATA=C:\Users\felip\AppData\Local, USERDOMAIN=UNIVERSE, FPS_BROWSER_APP_PROFILE_STRING=Internet Explorer, LOGONSERVER=\\UNIVERSE, JAVA_HOME=C:\Program Files\Java\jdk1.8.0_131, PROMPT=$P$G, asl.log=Destination=file, OneDrive=C:\Users\felip\OneDrive, =C:=C:\Windows\System32, APPDATA=C:\Users\felip\AppData\Roaming, JAVA_EXE=C:\Program Files\Java\jdk1.8.0_131/bin/java.exe, VBOX_MSI_INSTALL_PATH=C:\Program Files\Oracle\VirtualBox\, CommonProgramFiles=C:\Program Files\Common Files, Path=C:/Program Files/Java/jre1.8.0_131/bin/server;C:/Program Files/Java/jre1.8.0_131/bin;C:/Program Files/Java/jre1.8.0_131/lib/amd64;C:\ProgramData\Oracle\Java\javapath;C:\app\felip\virtual\virtual\product\12.2.0\dbhome_1\bin;C:\Windows\system32;C:\Windows;C:\Windows\System32\Wbem;C:\Windows\System32\WindowsPowerShell\v1.0\;C:\Program Files\Git\cmd;C:\Program Files (x86)\NVIDIA Corporation\PhysX\Common;C:\Program Files\MySQL\MySQL Server 5.7\bin;C:\Program Files\apache-maven-3.5.0\bin;C:\Program Files\Java\jdk1.8.0_131\bin;C:\Program Files (x86)\Skype\Phone\;C:\HashiCorp\Vagrant\bin;C:\WINDOWS\system32;C:\WINDOWS;C:\WINDOWS\System32\Wbem;C:\WINDOWS\System32\WindowsPowerShell\v1.0\;C:\Program Files\PostgreSQL\9.6\bin;C:\Program Files (x86)\Bitvise SSH Client;C:\Program Files\MongoDB\Server\3.4\bin;C:\Program Files (x86)\Microsoft SQL Server\100\Tools\Binn\;C:\Program Files\Microsoft SQL Server\100\Tools\Binn\;C:\Program Files\Microsoft SQL Server\100\DTS\Binn\;C:\Program Files (x86)\Microsoft SQL Server\100\Tools\Binn\VSShell\Common7\IDE\;C:\Program Files (x86)\Microsoft SQL Server\100\DTS\Binn\;C:\Program Files (x86)\Microsoft Visual Studio 9.0\Common7\IDE\PrivateAssemblies\;C:\Gradle\bin;C:\Program Files\Heroku\bin;C:\Users\felip\AppData\Local\Microsoft\WindowsApps;C:\Gradle\bin;C:\Python27;;C:\WINDOWS\System32;, OS=Windows_NT, COMPUTERNAME=UNIVERSE, PROCESSOR_REVISION=3d04, CLASSPATH=C:\Gradle\bin\..\lib\gradle-launcher-4.2.jar, CommonProgramW6432=C:\Program Files\Common Files, ComSpec=C:\WINDOWS\system32\cmd.exe, APP_BASE_NAME=gradle, SystemRoot=C:\WINDOWS, TEMP=C:\Users\felip\AppData\Local\Temp, HOMEDRIVE=C:, USERPROFILE=C:\Users\felip, TMP=C:\Users\felip\AppData\Local\Temp, CommonProgramFiles(x86)=C:\Program Files (x86)\Common Files, NUMBER_OF_PROCESSORS=4, caminho=C:\oraclexe\app\oracle\product\11.2.0\server\bin;}}]
12:49:15.261 [Test worker] DEBUG org.springframework.core.io.support.PathMatchingResourcePatternResolver - Resolved classpath location [br/com/simnetwork/test/] to resources [URL [file:/E:/Online/Público/gs-securing-web/complete/build/classes/java/test/br/com/simnetwork/test/]]
12:49:15.263 [Test worker] DEBUG org.springframework.core.io.support.PathMatchingResourcePatternResolver - Looking for matching resources in directory tree [E:\Online\Público\gs-securing-web\complete\build\classes\java\test\br\com\simnetwork\test]
12:49:15.263 [Test worker] DEBUG org.springframework.core.io.support.PathMatchingResourcePatternResolver - Searching directory [E:\Online\Público\gs-securing-web\complete\build\classes\java\test\br\com\simnetwork\test] for files matching pattern [E:/Online/Público/gs-securing-web/complete/build/classes/java/test/br/com/simnetwork/test/*.class]
12:49:15.269 [Test worker] DEBUG org.springframework.core.io.support.PathMatchingResourcePatternResolver - Resolved location pattern [classpath*:br/com/simnetwork/test/*.class] to resources [file [E:\Online\Público\gs-securing-web\complete\build\classes\java\test\br\com\simnetwork\test\CaixaServiceTest$CaixaTestContextConfiguration.class], file [E:\Online\Público\gs-securing-web\complete\build\classes\java\test\br\com\simnetwork\test\CaixaServiceTest.class], file [E:\Online\Público\gs-securing-web\complete\build\classes\java\test\br\com\simnetwork\test\MedicaoServiceTest$MedicaoTestContextConfiguration.class], file [E:\Online\Público\gs-securing-web\complete\build\classes\java\test\br\com\simnetwork\test\MedicaoServiceTest.class], file [E:\Online\Público\gs-securing-web\complete\build\classes\java\test\br\com\simnetwork\test\UsuarioServiceTest$UsuarioTestContextConfiguration.class], file [E:\Online\Público\gs-securing-web\complete\build\classes\java\test\br\com\simnetwork\test\UsuarioServiceTest.class]]
12:49:15.314 [Test worker] DEBUG org.springframework.core.io.support.PathMatchingResourcePatternResolver - Resolved classpath location [br/com/simnetwork/] to resources [URL [file:/E:/Online/Público/gs-securing-web/complete/build/classes/java/test/br/com/simnetwork/], URL [file:/E:/Online/Público/gs-securing-web/complete/build/classes/java/main/br/com/simnetwork/]]
12:49:15.315 [Test worker] DEBUG org.springframework.core.io.support.PathMatchingResourcePatternResolver - Looking for matching resources in directory tree [E:\Online\Público\gs-securing-web\complete\build\classes\java\test\br\com\simnetwork]
12:49:15.316 [Test worker] DEBUG org.springframework.core.io.support.PathMatchingResourcePatternResolver - Searching directory [E:\Online\Público\gs-securing-web\complete\build\classes\java\test\br\com\simnetwork] for files matching pattern [E:/Online/Público/gs-securing-web/complete/build/classes/java/test/br/com/simnetwork/*.class]
12:49:15.317 [Test worker] DEBUG org.springframework.core.io.support.PathMatchingResourcePatternResolver - Looking for matching resources in directory tree [E:\Online\Público\gs-securing-web\complete\build\classes\java\main\br\com\simnetwork]
12:49:15.317 [Test worker] DEBUG org.springframework.core.io.support.PathMatchingResourcePatternResolver - Searching directory [E:\Online\Público\gs-securing-web\complete\build\classes\java\main\br\com\simnetwork] for files matching pattern [E:/Online/Público/gs-securing-web/complete/build/classes/java/main/br/com/simnetwork/*.class]
12:49:15.319 [Test worker] DEBUG org.springframework.core.io.support.PathMatchingResourcePatternResolver - Resolved location pattern [classpath*:br/com/simnetwork/*.class] to resources [file [E:\Online\Público\gs-securing-web\complete\build\classes\java\main\br\com\simnetwork\Application.class]]
12:49:15.384 [Test worker] DEBUG org.springframework.context.annotation.ClassPathScanningCandidateComponentProvider - Identified candidate component class: file [E:\Online\Público\gs-securing-web\complete\build\classes\java\main\br\com\simnetwork\Application.class]
12:49:15.387 [Test worker] INFO org.springframework.boot.test.context.SpringBootTestContextBootstrapper - Found @SpringBootConfiguration br.com.simnetwork.Application for test class br.com.simnetwork.test.CaixaServiceTest
12:49:15.402 [Test worker] DEBUG org.springframework.boot.test.context.SpringBootTestContextBootstrapper - @TestExecutionListeners is not present for class [br.com.simnetwork.test.CaixaServiceTest]: using defaults.
12:49:15.420 [Test worker] INFO org.springframework.boot.test.context.SpringBootTestContextBootstrapper - Loaded default TestExecutionListener class names from location [META-INF/spring.factories]: [org.springframework.test.context.web.ServletTestExecutionListener, org.springframework.test.context.support.DirtiesContextBeforeModesTestExecutionListener, org.springframework.test.context.support.DependencyInjectionTestExecutionListener, org.springframework.test.context.support.DirtiesContextTestExecutionListener, org.springframework.test.context.transaction.TransactionalTestExecutionListener, org.springframework.test.context.jdbc.SqlScriptsTestExecutionListener, org.springframework.boot.test.autoconfigure.restdocs.RestDocsTestExecutionListener, org.springframework.boot.test.autoconfigure.web.client.MockRestServiceServerResetTestExecutionListener, org.springframework.boot.test.autoconfigure.web.servlet.MockMvcPrintOnlyOnFailureTestExecutionListener, org.springframework.boot.test.autoconfigure.web.servlet.WebDriverTestExecutionListener, org.springframework.boot.test.mock.mockito.MockitoTestExecutionListener, org.springframework.boot.test.mock.mockito.ResetMocksTestExecutionListener]
12:49:15.460 [Test worker] INFO org.springframework.boot.test.context.SpringBootTestContextBootstrapper - Using TestExecutionListeners: [org.springframework.test.context.web.ServletTestExecutionListener@2a78847a, org.springframework.test.context.support.DirtiesContextBeforeModesTestExecutionListener@6050bf36, org.springframework.boot.test.autoconfigure.SpringBootDependencyInjectionTestExecutionListener@4f469559, org.springframework.test.context.support.DirtiesContextTestExecutionListener@6521e418, org.springframework.test.context.transaction.TransactionalTestExecutionListener@b14f792, org.springframework.test.context.jdbc.SqlScriptsTestExecutionListener@6ed840c9, org.springframework.boot.test.autoconfigure.web.servlet.MockMvcPrintOnlyOnFailureTestExecutionListener@154fec16, org.springframework.boot.test.autoconfigure.restdocs.RestDocsTestExecutionListener@7fa4db83, org.springframework.boot.test.mock.mockito.MockitoTestExecutionListener@53201b82, org.springframework.boot.test.mock.mockito.ResetMocksTestExecutionListener@7fd2c727, org.springframework.boot.test.autoconfigure.web.servlet.WebDriverTestExecutionListener@1517bb97, org.springframework.boot.test.autoconfigure.web.client.MockRestServiceServerResetTestExecutionListener@4c361275]
12:49:15.466 [Test worker] DEBUG org.springframework.test.annotation.ProfileValueUtils - Retrieved @ProfileValueSourceConfiguration [null] for test class [br.com.simnetwork.test.CaixaServiceTest]
12:49:15.467 [Test worker] DEBUG org.springframework.test.annotation.ProfileValueUtils - Retrieved ProfileValueSource type [class org.springframework.test.annotation.SystemProfileValueSource] for class [br.com.simnetwork.test.CaixaServiceTest]
12:49:15.468 [Test worker] DEBUG org.springframework.test.annotation.ProfileValueUtils - Retrieved @ProfileValueSourceConfiguration [null] for test class [br.com.simnetwork.test.CaixaServiceTest]
12:49:15.469 [Test worker] DEBUG org.springframework.test.annotation.ProfileValueUtils - Retrieved ProfileValueSource type [class org.springframework.test.annotation.SystemProfileValueSource] for class [br.com.simnetwork.test.CaixaServiceTest]
12:49:15.483 [Test worker] DEBUG org.springframework.test.context.support.AbstractDirtiesContextTestExecutionListener - Before test class: context [DefaultTestContext@57af94b8 testClass = CaixaServiceTest, testInstance = [null], testMethod = [null], testException = [null], mergedContextConfiguration = [WebMergedContextConfiguration@20e197b5 testClass = CaixaServiceTest, locations = '{}', classes = '{class br.com.simnetwork.Application, class br.com.simnetwork.test.CaixaServiceTest$CaixaTestContextConfiguration}', contextInitializerClasses = '[]', activeProfiles = '{}', propertySourceLocations = '{}', propertySourceProperties = '{org.springframework.boot.test.context.SpringBootTestContextBootstrapper=true}', contextCustomizers = set[org.springframework.boot.test.autoconfigure.properties.PropertyMappingContextCustomizer@0, org.springframework.boot.test.autoconfigure.web.servlet.WebDriverContextCustomizerFactory$Customizer@2bf816eb, org.springframework.boot.test.context.SpringBootTestContextCustomizer@4944d796, org.springframework.boot.test.context.filter.ExcludeFilterContextCustomizer@ec0f50f, org.springframework.boot.test.json.DuplicateJsonObjectContextCustomizerFactory$DuplicateJsonObjectContextCustomizer@6b26d08f, org.springframework.boot.test.mock.mockito.MockitoContextCustomizer@0], resourceBasePath = 'src/main/webapp', contextLoader = 'org.springframework.boot.test.context.SpringBootContextLoader', parent = [null]]], class annotated with @DirtiesContext [false] with mode [null].
12:49:15.484 [Test worker] DEBUG org.springframework.test.annotation.ProfileValueUtils - Retrieved @ProfileValueSourceConfiguration [null] for test class [br.com.simnetwork.test.CaixaServiceTest]
12:49:15.484 [Test worker] DEBUG org.springframework.test.annotation.ProfileValueUtils - Retrieved ProfileValueSource type [class org.springframework.test.annotation.SystemProfileValueSource] for class [br.com.simnetwork.test.CaixaServiceTest]
12:49:15.607 [Test worker] DEBUG org.springframework.core.env.StandardEnvironment - Adding PropertySource 'systemProperties' with lowest search precedence
12:49:15.607 [Test worker] DEBUG org.springframework.core.env.StandardEnvironment - Adding PropertySource 'systemEnvironment' with lowest search precedence
12:49:15.610 [Test worker] DEBUG org.springframework.core.env.StandardEnvironment - Initialized StandardEnvironment with PropertySources [MapPropertySource@868024263 {name='systemProperties', properties={java.runtime.name=Java(TM) SE Runtime Environment, sun.boot.library.path=C:\Program Files\Java\jdk1.8.0_131\jre\bin, java.vm.version=25.131-b11, java.vm.vendor=Oracle Corporation, java.vendor.url=http://java.oracle.com/, path.separator=;, java.vm.name=Java HotSpot(TM) 64-Bit Server VM, file.encoding.pkg=sun.io, user.script=, sun.java.launcher=SUN_STANDARD, user.country=BR, sun.os.patch.level=, java.vm.specification.name=Java Virtual Machine Specification, user.dir=E:\Online\Público\gs-securing-web\complete, java.runtime.version=1.8.0_131-b11, java.awt.graphicsenv=sun.awt.Win32GraphicsEnvironment, java.endorsed.dirs=C:\Program Files\Java\jdk1.8.0_131\jre\lib\endorsed, os.arch=amd64, java.io.tmpdir=C:\Users\felip\AppData\Local\Temp\, line.separator=
, java.vm.specification.vendor=Oracle Corporation, user.variant=, os.name=Windows 10, sun.jnu.encoding=Cp1252, java.library.path=C:\Program Files\Java\jdk1.8.0_131\bin;C:\WINDOWS\Sun\Java\bin;C:\WINDOWS\system32;C:\WINDOWS;C:/Program Files/Java/jre1.8.0_131/bin/server;C:/Program Files/Java/jre1.8.0_131/bin;C:/Program Files/Java/jre1.8.0_131/lib/amd64;C:\ProgramData\Oracle\Java\javapath;C:\app\felip\virtual\virtual\product\12.2.0\dbhome_1\bin;C:\Windows\system32;C:\Windows;C:\Windows\System32\Wbem;C:\Windows\System32\WindowsPowerShell\v1.0\;C:\Program Files\Git\cmd;C:\Program Files (x86)\NVIDIA Corporation\PhysX\Common;C:\Program Files\MySQL\MySQL Server 5.7\bin;C:\Program Files\apache-maven-3.5.0\bin;C:\Program Files\Java\jdk1.8.0_131\bin;C:\Program Files (x86)\Skype\Phone\;C:\HashiCorp\Vagrant\bin;C:\WINDOWS\system32;C:\WINDOWS;C:\WINDOWS\System32\Wbem;C:\WINDOWS\System32\WindowsPowerShell\v1.0\;C:\Program Files\PostgreSQL\9.6\bin;C:\Program Files (x86)\Bitvise SSH Client;C:\Program Files\MongoDB\Server\3.4\bin;C:\Program Files (x86)\Microsoft SQL Server\100\Tools\Binn\;C:\Program Files\Microsoft SQL Server\100\Tools\Binn\;C:\Program Files\Microsoft SQL Server\100\DTS\Binn\;C:\Program Files (x86)\Microsoft SQL Server\100\Tools\Binn\VSShell\Common7\IDE\;C:\Program Files (x86)\Microsoft SQL Server\100\DTS\Binn\;C:\Program Files (x86)\Microsoft Visual Studio 9.0\Common7\IDE\PrivateAssemblies\;C:\Gradle\bin;C:\Program Files\Heroku\bin;C:\Users\felip\AppData\Local\Microsoft\WindowsApps;C:\Gradle\bin;C:\Python27;;C:\WINDOWS\System32;;., java.specification.name=Java Platform API Specification, java.class.version=52.0, org.gradle.native=false, sun.management.compiler=HotSpot 64-Bit Tiered Compilers, os.version=10.0, user.home=C:\Users\felip, user.timezone=America/Sao_Paulo, java.awt.printerjob=sun.awt.windows.WPrinterJob, file.encoding=windows-1252, java.specification.version=1.8, java.class.path=E:\Online\Público\gs-securing-web\complete\build\classes\java\test;E:\Online\Público\gs-securing-web\complete\build\resources\test;E:\Online\Público\gs-securing-web\complete\build\classes\java\main;E:\Online\Público\gs-securing-web\complete\build\resources\main;C:\Users\felip\.gradle\caches\modules-2\files-2.1\org.springframework.boot\spring-boot-starter-thymeleaf\1.5.8.RELEASE\255b749537ca0fa48adeb0c15cf48734b9ffcf5e\spring-boot-starter-thymeleaf-1.5.8.RELEASE.jar;C:\Users\felip\.gradle\caches\modules-2\files-2.1\org.springframework.boot\spring-boot-starter-data-jpa\1.1.4.RELEASE\9e5d736f66dc2c77e1bae89002ea31e2d08741cb\spring-boot-starter-data-jpa-1.1.4.RELEASE.jar;C:\Users\felip\.gradle\caches\modules-2\files-2.1\javax.servlet\javax.servlet-api\3.1.0\3cd63d075497751784b2fa84be59432f4905bf7c\javax.servlet-api-3.1.0.jar;C:\Users\felip\.gradle\caches\modules-2\files-2.1\org.hibernate\hibernate-entitymanager\5.0.12.Final\302a526f5058290e9cbd719a5caf9f248d344719\hibernate-entitymanager-5.0.12.Final.jar;C:\Users\felip\.gradle\caches\modules-2\files-2.1\org.thymeleaf\thymeleaf-spring4\2.1.5.RELEASE\74cb9028e99597b5d71a98e919fd531a7fc290b4\thymeleaf-spring4-2.1.5.RELEASE.jar;C:\Users\felip\.gradle\caches\modules-2\files-2.1\nz.net.ultraq.thymeleaf\thymeleaf-layout-dialect\1.4.0\8d7810c069ed1534b9631fb1e85c35973546086\thymeleaf-layout-dialect-1.4.0.jar;C:\Users\felip\.gradle\caches\modules-2\files-2.1\org.thymeleaf\thymeleaf\2.1.5.RELEASE\513bffa3daaac277460c1a0a2dccb228fa40569e\thymeleaf-2.1.5.RELEASE.jar;C:\Users\felip\.gradle\caches\modules-2\files-2.1\org.hibernate\hibernate-core\5.0.12.Final\e58bf1c660e6706d8e2cbb53bae110f574366102\hibernate-core-5.0.12.Final.jar;C:\Users\felip\.gradle\caches\modules-2\files-2.1\org.javassist\javassist\3.15.0-GA\79907309ca4bb4e5e51d4086cc4179b2611358d7\javassist-3.15.0-GA.jar;C:\Users\felip\.gradle\caches\modules-2\files-2.1\commons-dbcp\commons-dbcp\1.4\30be73c965cc990b153a100aaaaafcf239f82d39\commons-dbcp-1.4.jar;C:\Users\felip\.gradle\caches\modules-2\files-2.1\org.postgresql\postgresql\42.1.4.jre7\942cf34b1cae0fc1d6dbab8a5d4e1c339b80e613\postgresql-42.1.4.jre7.jar;C:\Users\felip\.gradle\caches\modules-2\files-2.1\org.springframework.boot\spring-boot-starter-test\1.5.8.RELEASE\20b767f594924b32950286f1236ab7d68ff861f9\spring-boot-starter-test-1.5.8.RELEASE.jar;C:\Users\felip\.gradle\caches\modules-2\files-2.1\org.springframework.boot\spring-boot-starter-web\1.5.8.RELEASE\7e0dc79e3b47be4539ad3c033639133ae6b7a17e\spring-boot-starter-web-1.5.8.RELEASE.jar;C:\Users\felip\.gradle\caches\modules-2\files-2.1\org.springframework.boot\spring-boot-starter-aop\1.5.8.RELEASE\9bc9a40e0718726ed48f6becc509b2d186f1ebcc\spring-boot-starter-aop-1.5.8.RELEASE.jar;C:\Users\felip\.gradle\caches\modules-2\files-2.1\org.springframework.boot\spring-boot-starter-jdbc\1.5.8.RELEASE\fc98631eba9817c920b9ac1c5845214f49637a33\spring-boot-starter-jdbc-1.5.8.RELEASE.jar;C:\Users\felip\.gradle\caches\modules-2\files-2.1\org.springframework.boot\spring-boot-starter\1.5.8.RELEASE\18048efe1f06569022a53cc3fb2fe9c0162935a3\spring-boot-starter-1.5.8.RELEASE.jar;C:\Users\felip\.gradle\caches\modules-2\files-2.1\org.springframework.data\spring-data-jpa\1.11.8.RELEASE\d674b8407de3d2998c106557fd6a6665de2bc217\spring-data-jpa-1.11.8.RELEASE.jar;C:\Users\felip\.gradle\caches\modules-2\files-2.1\org.springframework\spring-orm\4.3.12.RELEASE\47bbe35a92944aeedf06a388098581272f8db9bd\spring-orm-4.3.12.RELEASE.jar;C:\Users\felip\.gradle\caches\modules-2\files-2.1\org.springframework\spring-test\4.3.12.RELEASE\825a7ac1014528db722a6cc94cceaef2410cb314\spring-test-4.3.12.RELEASE.jar;C:\Users\felip\.gradle\caches\modules-2\files-2.1\org.springframework.boot\spring-boot-test-autoconfigure\1.5.8.RELEASE\a8f986cc4b6ecef1417fe50c20984f12f54d15cc\spring-boot-test-autoconfigure-1.5.8.RELEASE.jar;C:\Users\felip\.gradle\caches\modules-2\files-2.1\org.springframework.boot\spring-boot-test\1.5.8.RELEASE\17dedee86d1a9e9bd409d715fd90650ca1049659\spring-boot-test-1.5.8.RELEASE.jar;C:\Users\felip\.gradle\caches\modules-2\files-2.1\org.springframework.boot\spring-boot-autoconfigure\1.5.8.RELEASE\e4f2efa4c319f4e3613d94fbccfdb5ccda6873e3\spring-boot-autoconfigure-1.5.8.RELEASE.jar;C:\Users\felip\.gradle\caches\modules-2\files-2.1\org.springframework.boot\spring-boot\1.5.8.RELEASE\748ebde51761e12627ad23d064024f342b18f9b4\spring-boot-1.5.8.RELEASE.jar;C:\Users\felip\.gradle\caches\modules-2\files-2.1\org.springframework\spring-webmvc\4.3.12.RELEASE\986e5dcd4435e780f6be64f8185eaa51523cf851\spring-webmvc-4.3.12.RELEASE.jar;C:\Users\felip\.gradle\caches\modules-2\files-2.1\org.springframework\spring-web\4.3.12.RELEASE\86c29588cca74d0fc848b194cb13fcdfd12bc990\spring-web-4.3.12.RELEASE.jar;C:\Users\felip\.gradle\caches\modules-2\files-2.1\org.springframework\spring-jdbc\4.3.12.RELEASE\5c840abbdc1a1dfd0f79c4a4c25eac0c98e6af22\spring-jdbc-4.3.12.RELEASE.jar;C:\Users\felip\.gradle\caches\modules-2\files-2.1\org.springframework\spring-tx\4.3.12.RELEASE\7147b6839b2bf9db3621b79c73b4dddbe69572b6\spring-tx-4.3.12.RELEASE.jar;C:\Users\felip\.gradle\caches\modules-2\files-2.1\org.springframework.data\spring-data-commons\1.13.8.RELEASE\2853e3c38e02d42529f6c8b247d7bace40c25642\spring-data-commons-1.13.8.RELEASE.jar;C:\Users\felip\.gradle\caches\modules-2\files-2.1\org.springframework\spring-context\4.3.12.RELEASE\5e6d26f36636f36b7efec1d6a0c5991284fbd95b\spring-context-4.3.12.RELEASE.jar;C:\Users\felip\.gradle\caches\modules-2\files-2.1\org.springframework\spring-expression\4.3.12.RELEASE\790f69f6ad7f9da8d4a92c603ad7244c398c8309\spring-expression-4.3.12.RELEASE.jar;C:\Users\felip\.gradle\caches\modules-2\files-2.1\org.springframework\spring-aop\4.3.12.RELEASE\b3fef085902993c2ef874c45c7bfd79296d5a5a4\spring-aop-4.3.12.RELEASE.jar;C:\Users\felip\.gradle\caches\modules-2\files-2.1\org.springframework\spring-beans\4.3.12.RELEASE\547dd432d47d0f01d9ccbedc4b705f9f7c1240a\spring-beans-4.3.12.RELEASE.jar;C:\Users\felip\.gradle\caches\modules-2\files-2.1\org.springframework\spring-core\4.3.12.RELEASE\4cebc69478c6d350dbd5af28e3db7d5694f416e3\spring-core-4.3.12.RELEASE.jar;C:\Users\felip\.gradle\caches\modules-2\files-2.1\org.springframework\spring-aspects\4.3.12.RELEASE\b0002bfdd0d58f09fc178afc5f2d0553ff117840\spring-aspects-4.3.12.RELEASE.jar;C:\Users\felip\.gradle\caches\modules-2\files-2.1\commons-pool\commons-pool\1.6\4572d589699f09d866a226a14b7f4323c6d8f040\commons-pool-1.6.jar;C:\Users\felip\.gradle\caches\modules-2\files-2.1\com.jayway.jsonpath\json-path\2.2.0\22290d17944bd239fabf5ac69005a60a7ecbbbcb\json-path-2.2.0.jar;C:\Users\felip\.gradle\caches\modules-2\files-2.1\junit\junit\4.12\2973d150c0dc1fefe998f834810d68f278ea58ec\junit-4.12.jar;C:\Users\felip\.gradle\caches\modules-2\files-2.1\org.assertj\assertj-core\2.6.0\b532c3fc4f66bcfee4989a3514f1cd56203a33ad\assertj-core-2.6.0.jar;C:\Users\felip\.gradle\caches\modules-2\files-2.1\org.mockito\mockito-core\1.10.19\e8546f5bef4e061d8dd73895b4e8f40e3fe6effe\mockito-core-1.10.19.jar;C:\Users\felip\.gradle\caches\modules-2\files-2.1\org.hamcrest\hamcrest-library\1.3\4785a3c21320980282f9f33d0d1264a69040538f\hamcrest-library-1.3.jar;C:\Users\felip\.gradle\caches\modules-2\files-2.1\org.hamcrest\hamcrest-core\1.3\42a25dc3219429f0e5d060061f71acb49bf010a0\hamcrest-core-1.3.jar;C:\Users\felip\.gradle\caches\modules-2\files-2.1\org.skyscreamer\jsonassert\1.4.0\9cdbb373a06f6513e51e8c545ee6a5e981463edb\jsonassert-1.4.0.jar;C:\Users\felip\.gradle\caches\modules-2\files-2.1\org.springframework.boot\spring-boot-starter-logging\1.5.8.RELEASE\ebc00a0e46753d90431fdcc5e3d6b9fd3bf1564a\spring-boot-starter-logging-1.5.8.RELEASE.jar;C:\Users\felip\.gradle\caches\modules-2\files-2.1\org.yaml\snakeyaml\1.17\7a27ea250c5130b2922b86dea63cbb1cc10a660c\snakeyaml-1.17.jar;C:\Users\felip\.gradle\caches\modules-2\files-2.1\org.springframework.boot\spring-boot-starter-tomcat\1.5.8.RELEASE\cf3b7eb7e192a60ab1dd09e4f8bce82710a5feb0\spring-boot-starter-tomcat-1.5.8.RELEASE.jar;C:\Users\felip\.gradle\caches\modules-2\files-2.1\org.hibernate\hibernate-validator\5.3.5.Final\622a9bcef2eed6d41b5b8e0662c36212009e375\hibernate-validator-5.3.5.Final.jar;C:\Users\felip\.gradle\caches\modules-2\files-2.1\com.fasterxml.jackson.core\jackson-databind\2.8.10\f7b83cb2bc4b88d53961e749e1ad32f49ef017b7\jackson-databind-2.8.10.jar;C:\Users\felip\.gradle\caches\modules-2\files-2.1\org.slf4j\jcl-over-slf4j\1.7.25\f8c32b13ff142a513eeb5b6330b1588dcb2c0461\jcl-over-slf4j-1.7.25.jar;C:\Users\felip\.gradle\caches\modules-2\files-2.1\ch.qos.logback\logback-classic\1.1.11\ccedfbacef4a6515d2983e3f89ed753d5d4fb665\logback-classic-1.1.11.jar;C:\Users\felip\.gradle\caches\modules-2\files-2.1\org.slf4j\jul-to-slf4j\1.7.25\af5364cd6679bfffb114f0dec8a157aaa283b76\jul-to-slf4j-1.7.25.jar;C:\Users\felip\.gradle\caches\modules-2\files-2.1\org.slf4j\log4j-over-slf4j\1.7.25\a87bb47468f47ee7aabbd54f93e133d4215769c3\log4j-over-slf4j-1.7.25.jar;C:\Users\felip\.gradle\caches\modules-2\files-2.1\org.slf4j\slf4j-api\1.7.25\da76ca59f6a57ee3102f8f9bd9cee742973efa8a\slf4j-api-1.7.25.jar;C:\Users\felip\.gradle\caches\modules-2\files-2.1\org.codehaus.groovy\groovy\2.4.12\a43be367110c491787219f1c128b5b5fc54f1e70\groovy-2.4.12.jar;C:\Users\felip\.gradle\caches\modules-2\files-2.1\org.aspectj\aspectjweaver\1.8.11\9807e0e13c8a295f15882721db50fa3d142c44a9\aspectjweaver-1.8.11.jar;C:\Users\felip\.gradle\caches\modules-2\files-2.1\org.apache.tomcat\tomcat-jdbc\8.5.23\6036400a8f2d90dd3ae3a4d09e5136c56002887b\tomcat-jdbc-8.5.23.jar;C:\Users\felip\.gradle\caches\modules-2\files-2.1\org.hibernate.common\hibernate-commons-annotations\5.0.1.Final\71e1cff3fcb20d3b3af4f3363c3ddb24d33c6879\hibernate-commons-annotations-5.0.1.Final.jar;C:\Users\felip\.gradle\caches\modules-2\files-2.1\org.jboss.logging\jboss-logging\3.3.1.Final\c46217ab74b532568c0ed31dc599db3048bd1b67\jboss-logging-3.3.1.Final.jar;C:\Users\felip\.gradle\caches\modules-2\files-2.1\dom4j\dom4j\1.6.1\5d3ccc056b6f056dbf0dddfdf43894b9065a8f94\dom4j-1.6.1.jar;C:\Users\felip\.gradle\caches\modules-2\files-2.1\org.hibernate.javax.persistence\hibernate-jpa-2.1-api\1.0.0.Final\5e731d961297e5a07290bfaf3db1fbc8bbbf405a\hibernate-jpa-2.1-api-1.0.0.Final.jar;C:\Users\felip\.gradle\caches\modules-2\files-2.1\org.apache.geronimo.specs\geronimo-jta_1.1_spec\1.1.1\aabab3165b8ea936b9360abbf448459c0d04a5a4\geronimo-jta_1.1_spec-1.1.1.jar;C:\Users\felip\.gradle\caches\modules-2\files-2.1\org.aspectj\aspectjrt\1.8.11\8810071477b9700a180350b331a8f3a8707b2f16\aspectjrt-1.8.11.jar;C:\Users\felip\.gradle\caches\modules-2\files-2.1\net.minidev\json-smart\2.2.1\5b9e5df7a62d1279b70dc882b041d249c4f0b002\json-smart-2.2.1.jar;C:\Users\felip\.gradle\caches\modules-2\files-2.1\org.objenesis\objenesis\2.1\87c0ea803b69252868d09308b4618f766f135a96\objenesis-2.1.jar;C:\Users\felip\.gradle\caches\modules-2\files-2.1\com.vaadin.external.google\android-json\0.0.20131108.vaadin1\fa26d351fe62a6a17f5cda1287c1c6110dec413f\android-json-0.0.20131108.vaadin1.jar;C:\Users\felip\.gradle\caches\modules-2\files-2.1\org.apache.tomcat.embed\tomcat-embed-websocket\8.5.23\52f07abcae10dc7e1764304b0877def175c2c833\tomcat-embed-websocket-8.5.23.jar;C:\Users\felip\.gradle\caches\modules-2\files-2.1\org.apache.tomcat.embed\tomcat-embed-core\8.5.23\79261793a47f507890ee08f749b9d81774e4f7f0\tomcat-embed-core-8.5.23.jar;C:\Users\felip\.gradle\caches\modules-2\files-2.1\org.apache.tomcat.embed\tomcat-embed-el\8.5.23\98d979cde444dffa6d434c8377d0123b2dfa614c\tomcat-embed-el-8.5.23.jar;C:\Users\felip\.gradle\caches\modules-2\files-2.1\javax.validation\validation-api\1.1.0.Final\8613ae82954779d518631e05daa73a6a954817d5\validation-api-1.1.0.Final.jar;C:\Users\felip\.gradle\caches\modules-2\files-2.1\com.fasterxml\classmate\1.3.4\3d5f48f10bbe4eb7bd862f10c0583be2e0053c6\classmate-1.3.4.jar;C:\Users\felip\.gradle\caches\modules-2\files-2.1\com.fasterxml.jackson.core\jackson-annotations\2.8.0\45b426f7796b741035581a176744d91090e2e6fb\jackson-annotations-2.8.0.jar;C:\Users\felip\.gradle\caches\modules-2\files-2.1\com.fasterxml.jackson.core\jackson-core\2.8.10\eb21a035c66ad307e66ec8fce37f5d50fd62d039\jackson-core-2.8.10.jar;C:\Users\felip\.gradle\caches\modules-2\files-2.1\ognl\ognl\3.0.8\37e1aebfde7eb7baebc9ad4f85116ef9009c5fc5\ognl-3.0.8.jar;C:\Users\felip\.gradle\caches\modules-2\files-2.1\org.unbescape\unbescape\1.1.0.RELEASE\ab0db4fe0a6fa89fb8da2a40008a4e63a7f3f5b9\unbescape-1.1.0.RELEASE.jar;C:\Users\felip\.gradle\caches\modules-2\files-2.1\org.apache.tomcat\tomcat-juli\8.5.23\98e7f0610b7b2fb8303f11be0210e3f5a56a7d55\tomcat-juli-8.5.23.jar;C:\Users\felip\.gradle\caches\modules-2\files-2.1\antlr\antlr\2.7.7\83cd2cd674a217ade95a4bb83a8a14f351f48bd0\antlr-2.7.7.jar;C:\Users\felip\.gradle\caches\modules-2\files-2.1\org.jboss\jandex\2.0.0.Final\3e899258936f94649c777193e1be846387ed54b3\jandex-2.0.0.Final.jar;C:\Users\felip\.gradle\caches\modules-2\files-2.1\net.minidev\accessors-smart\1.1\a527213f2fea112a04c9bdf0ec0264e34104cd08\accessors-smart-1.1.jar;C:\Users\felip\.gradle\caches\modules-2\files-2.1\ch.qos.logback\logback-core\1.1.11\88b8df40340eed549fb07e2613879bf6b006704d\logback-core-1.1.11.jar;C:\Users\felip\.gradle\caches\modules-2\files-2.1\org.apache.tomcat\tomcat-annotations-api\8.5.23\aaf17df9fe0240e9e9d5375d24d5f177174b73d9\tomcat-annotations-api-8.5.23.jar;C:\Users\felip\.gradle\caches\modules-2\files-2.1\org.ow2.asm\asm\5.0.3\dcc2193db20e19e1feca8b1240dbbc4e190824fa\asm-5.0.3.jar, user.name=felip, java.vm.specification.version=1.8, sun.java.command=worker.org.gradle.process.internal.worker.GradleWorkerMain 'Gradle Test Executor 1', java.home=C:\Program Files\Java\jdk1.8.0_131\jre, sun.arch.data.model=64, user.language=pt, java.specification.vendor=Oracle Corporation, awt.toolkit=sun.awt.windows.WToolkit, java.vm.info=mixed mode, java.version=1.8.0_131, java.ext.dirs=C:\Program Files\Java\jdk1.8.0_131\jre\lib\ext;C:\WINDOWS\Sun\Java\lib\ext, sun.boot.class.path=C:\Program Files\Java\jdk1.8.0_131\jre\lib\resources.jar;C:\Program Files\Java\jdk1.8.0_131\jre\lib\rt.jar;C:\Program Files\Java\jdk1.8.0_131\jre\lib\sunrsasign.jar;C:\Program Files\Java\jdk1.8.0_131\jre\lib\jsse.jar;C:\Program Files\Java\jdk1.8.0_131\jre\lib\jce.jar;C:\Program Files\Java\jdk1.8.0_131\jre\lib\charsets.jar;C:\Program Files\Java\jdk1.8.0_131\jre\lib\jfr.jar;C:\Program Files\Java\jdk1.8.0_131\jre\classes, java.vendor=Oracle Corporation, org.gradle.test.worker=1, file.separator=\, java.vendor.url.bug=http://bugreport.sun.com/bugreport/, sun.io.unicode.encoding=UnicodeLittle, sun.cpu.endian=little, sun.desktop=windows, sun.cpu.isalist=amd64}}, SystemEnvironmentPropertySource@1049193845 {name='systemEnvironment', properties={USERDOMAIN_ROAMINGPROFILE=UNIVERSE, PROCESSOR_LEVEL=6, SESSIONNAME=Console, ALLUSERSPROFILE=C:\ProgramData, PROCESSOR_ARCHITECTURE=AMD64, PSModulePath=C:\WINDOWS\system32\WindowsPowerShell\v1.0\Modules\, SystemDrive=C:, =E:=E:\Online\Público\gs-securing-web\complete, DIRNAME=C:\Gradle\bin\, USERNAME=felip, CMD_LINE_ARGS=clean build bootRun, ProgramFiles(x86)=C:\Program Files (x86), FPS_BROWSER_USER_PROFILE_STRING=Default, APP_HOME=C:\Gradle\bin\.., PATHEXT=.COM;.EXE;.BAT;.CMD;.VBS;.VBE;.JS;.JSE;.WSF;.WSH;.MSC, ProgramData=C:\ProgramData, ProgramW6432=C:\Program Files, HOMEPATH=\Users\felip, PROCESSOR_IDENTIFIER=Intel64 Family 6 Model 61 Stepping 4, GenuineIntel, ProgramFiles=C:\Program Files, PUBLIC=C:\Users\Public, windir=C:\WINDOWS, =::=::\, _SKIP=2, LOCALAPPDATA=C:\Users\felip\AppData\Local, USERDOMAIN=UNIVERSE, FPS_BROWSER_APP_PROFILE_STRING=Internet Explorer, LOGONSERVER=\\UNIVERSE, JAVA_HOME=C:\Program Files\Java\jdk1.8.0_131, PROMPT=$P$G, asl.log=Destination=file, OneDrive=C:\Users\felip\OneDrive, =C:=C:\Windows\System32, APPDATA=C:\Users\felip\AppData\Roaming, JAVA_EXE=C:\Program Files\Java\jdk1.8.0_131/bin/java.exe, VBOX_MSI_INSTALL_PATH=C:\Program Files\Oracle\VirtualBox\, CommonProgramFiles=C:\Program Files\Common Files, Path=C:/Program Files/Java/jre1.8.0_131/bin/server;C:/Program Files/Java/jre1.8.0_131/bin;C:/Program Files/Java/jre1.8.0_131/lib/amd64;C:\ProgramData\Oracle\Java\javapath;C:\app\felip\virtual\virtual\product\12.2.0\dbhome_1\bin;C:\Windows\system32;C:\Windows;C:\Windows\System32\Wbem;C:\Windows\System32\WindowsPowerShell\v1.0\;C:\Program Files\Git\cmd;C:\Program Files (x86)\NVIDIA Corporation\PhysX\Common;C:\Program Files\MySQL\MySQL Server 5.7\bin;C:\Program Files\apache-maven-3.5.0\bin;C:\Program Files\Java\jdk1.8.0_131\bin;C:\Program Files (x86)\Skype\Phone\;C:\HashiCorp\Vagrant\bin;C:\WINDOWS\system32;C:\WINDOWS;C:\WINDOWS\System32\Wbem;C:\WINDOWS\System32\WindowsPowerShell\v1.0\;C:\Program Files\PostgreSQL\9.6\bin;C:\Program Files (x86)\Bitvise SSH Client;C:\Program Files\MongoDB\Server\3.4\bin;C:\Program Files (x86)\Microsoft SQL Server\100\Tools\Binn\;C:\Program Files\Microsoft SQL Server\100\Tools\Binn\;C:\Program Files\Microsoft SQL Server\100\DTS\Binn\;C:\Program Files (x86)\Microsoft SQL Server\100\Tools\Binn\VSShell\Common7\IDE\;C:\Program Files (x86)\Microsoft SQL Server\100\DTS\Binn\;C:\Program Files (x86)\Microsoft Visual Studio 9.0\Common7\IDE\PrivateAssemblies\;C:\Gradle\bin;C:\Program Files\Heroku\bin;C:\Users\felip\AppData\Local\Microsoft\WindowsApps;C:\Gradle\bin;C:\Python27;;C:\WINDOWS\System32;, OS=Windows_NT, COMPUTERNAME=UNIVERSE, PROCESSOR_REVISION=3d04, CLASSPATH=C:\Gradle\bin\..\lib\gradle-launcher-4.2.jar, CommonProgramW6432=C:\Program Files\Common Files, ComSpec=C:\WINDOWS\system32\cmd.exe, APP_BASE_NAME=gradle, SystemRoot=C:\WINDOWS, TEMP=C:\Users\felip\AppData\Local\Temp, HOMEDRIVE=C:, USERPROFILE=C:\Users\felip, TMP=C:\Users\felip\AppData\Local\Temp, CommonProgramFiles(x86)=C:\Program Files (x86)\Common Files, NUMBER_OF_PROCESSORS=4, caminho=C:\oraclexe\app\oracle\product\11.2.0\server\bin;}}]
12:49:15.679 [Test worker] DEBUG org.springframework.core.env.MutablePropertySources - Adding PropertySource 'inline' with highest search precedence
12:49:15.690 [Test worker] DEBUG org.springframework.test.context.support.TestPropertySourceUtils - Adding inlined properties to environment: {spring.jmx.enabled=false, org.springframework.boot.test.context.SpringBootTestContextBootstrapper=true, server.port=-1}
12:49:15.691 [Test worker] DEBUG org.springframework.core.env.StandardEnvironment - Adding PropertySource 'Inlined Test Properties' with highest search precedence

  .   ____          _            __ _ _
 /\\ / ___'_ __ _ _(_)_ __  __ _ \ \ \ \
( ( )\___ | '_ | '_| | '_ \/ _` | \ \ \ \
 \\/  ___)| |_)| | | | | || (_| |  ) ) ) )
  '  |____| .__|_| |_|_| |_\__, | / / / /
 =========|_|==============|___/=/_/_/_/
 :: Spring Boot ::        (v1.5.8.RELEASE)

2017-11-15 12:49:16.493  INFO 968 --- [    Test worker] br.com.simnetwork.test.CaixaServiceTest  : Starting CaixaServiceTest on Universe with PID 968 (started by felip in E:\Online\PÃºblico\gs-securing-web\complete)
2017-11-15 12:49:16.496  INFO 968 --- [    Test worker] br.com.simnetwork.test.CaixaServiceTest  : No active profile set, falling back to default profiles: default
2017-11-15 12:49:17.031  INFO 968 --- [    Test worker] o.s.w.c.s.GenericWebApplicationContext   : Refreshing org.springframework.web.context.support.GenericWebApplicationContext@401722f8: startup date [Wed Nov 15 12:49:17 BRST 2017]; root of context hierarchy
2017-11-15 12:49:18.438  INFO 968 --- [    Test worker] o.s.b.f.s.DefaultListableBeanFactory     : Overriding bean definition for bean 'caixaService' with a different definition: replacing [Generic bean: class [br.com.simnetwork.model.service.CaixaServiceImpl]; scope=singleton; abstract=false; lazyInit=false; autowireMode=0; dependencyCheck=0; autowireCandidate=true; primary=false; factoryBeanName=null; factoryMethodName=null; initMethodName=null; destroyMethodName=null; defined in file [E:\Online\PÃºblico\gs-securing-web\complete\build\classes\java\main\br\com\simnetwork\model\service\CaixaServiceImpl.class]] with [Root bean: class [null]; scope=; abstract=false; lazyInit=false; autowireMode=3; dependencyCheck=0; autowireCandidate=true; primary=false; factoryBeanName=caixaServiceTest.CaixaTestContextConfiguration; factoryMethodName=caixaService; initMethodName=null; destroyMethodName=(inferred); defined in br.com.simnetwork.test.CaixaServiceTest$CaixaTestContextConfiguration]
2017-11-15 12:49:18.440  INFO 968 --- [    Test worker] o.s.b.f.s.DefaultListableBeanFactory     : Overriding bean definition for bean 'medicaoService' with a different definition: replacing [Generic bean: class [br.com.simnetwork.model.service.MedicaoServiceImpl]; scope=singleton; abstract=false; lazyInit=false; autowireMode=0; dependencyCheck=0; autowireCandidate=true; primary=false; factoryBeanName=null; factoryMethodName=null; initMethodName=null; destroyMethodName=null; defined in file [E:\Online\PÃºblico\gs-securing-web\complete\build\classes\java\main\br\com\simnetwork\model\service\MedicaoServiceImpl.class]] with [Root bean: class [null]; scope=; abstract=false; lazyInit=false; autowireMode=3; dependencyCheck=0; autowireCandidate=true; primary=false; factoryBeanName=caixaServiceTest.CaixaTestContextConfiguration; factoryMethodName=medicaoService; initMethodName=null; destroyMethodName=(inferred); defined in br.com.simnetwork.test.CaixaServiceTest$CaixaTestContextConfiguration]
2017-11-15 12:49:18.441  INFO 968 --- [    Test worker] o.s.b.f.s.DefaultListableBeanFactory     : Overriding bean definition for bean 'usuarioService' with a different definition: replacing [Generic bean: class [br.com.simnetwork.model.service.UsuarioServiceImpl]; scope=singleton; abstract=false; lazyInit=false; autowireMode=0; dependencyCheck=0; autowireCandidate=true; primary=false; factoryBeanName=null; factoryMethodName=null; initMethodName=null; destroyMethodName=null; defined in file [E:\Online\PÃºblico\gs-securing-web\complete\build\classes\java\main\br\com\simnetwork\model\service\UsuarioServiceImpl.class]] with [Root bean: class [null]; scope=; abstract=false; lazyInit=false; autowireMode=3; dependencyCheck=0; autowireCandidate=true; primary=false; factoryBeanName=caixaServiceTest.CaixaTestContextConfiguration; factoryMethodName=usuarioService; initMethodName=null; destroyMethodName=(inferred); defined in br.com.simnetwork.test.CaixaServiceTest$CaixaTestContextConfiguration]
2017-11-15 12:49:18.694  INFO 968 --- [    Test worker] o.s.b.f.s.DefaultListableBeanFactory     : Overriding bean definition for bean 'dataSource' with a different definition: replacing [Root bean: class [null]; scope=; abstract=false; lazyInit=false; autowireMode=3; dependencyCheck=0; autowireCandidate=true; primary=false; factoryBeanName=org.springframework.boot.autoconfigure.jdbc.DataSourceConfiguration$Dbcp; factoryMethodName=dataSource; initMethodName=null; destroyMethodName=(inferred); defined in class path resource [org/springframework/boot/autoconfigure/jdbc/DataSourceConfiguration$Dbcp.class]] with [Root bean: class [null]; scope=; abstract=false; lazyInit=false; autowireMode=3; dependencyCheck=0; autowireCandidate=true; primary=false; factoryBeanName=org.springframework.boot.autoconfigure.jdbc.DataSourceConfiguration$Tomcat; factoryMethodName=dataSource; initMethodName=null; destroyMethodName=(inferred); defined in class path resource [org/springframework/boot/autoconfigure/jdbc/DataSourceConfiguration$Tomcat.class]]
2017-11-15 12:49:21.582  INFO 968 --- [    Test worker] j.LocalContainerEntityManagerFactoryBean : Building JPA container EntityManagerFactory for persistence unit 'default'
2017-11-15 12:49:21.622  INFO 968 --- [    Test worker] o.hibernate.jpa.internal.util.LogHelper  : HHH000204: Processing PersistenceUnitInfo [
	name: default
	...]
2017-11-15 12:49:21.811  INFO 968 --- [    Test worker] org.hibernate.Version                    : HHH000412: Hibernate Core {5.0.12.Final}
2017-11-15 12:49:21.815  INFO 968 --- [    Test worker] org.hibernate.cfg.Environment            : HHH000206: hibernate.properties not found
2017-11-15 12:49:21.818  INFO 968 --- [    Test worker] org.hibernate.cfg.Environment            : HHH000021: Bytecode provider name : javassist
2017-11-15 12:49:21.927  INFO 968 --- [    Test worker] o.hibernate.annotations.common.Version   : HCANN000001: Hibernate Commons Annotations {5.0.1.Final}
2017-11-15 12:49:22.415  INFO 968 --- [    Test worker] org.hibernate.dialect.Dialect            : HHH000400: Using dialect: org.hibernate.dialect.PostgreSQLDialect
2017-11-15 12:49:22.701  INFO 968 --- [    Test worker] o.h.e.j.e.i.LobCreatorBuilderImpl        : HHH000424: Disabling contextual LOB creation as createClob() method threw error : java.lang.reflect.InvocationTargetException
2017-11-15 12:49:22.703  INFO 968 --- [    Test worker] org.hibernate.type.BasicTypeRegistry     : HHH000270: Type registration [java.util.UUID] overrides previous : org.hibernate.type.UUIDBinaryType@560ea878
2017-11-15 12:49:23.676  INFO 968 --- [    Test worker] org.hibernate.tool.hbm2ddl.SchemaUpdate  : HHH000228: Running hbm2ddl schema update
2017-11-15 12:49:23.948  INFO 968 --- [    Test worker] j.LocalContainerEntityManagerFactoryBean : Initialized JPA EntityManagerFactory for persistence unit 'default'
2017-11-15 12:49:25.985  INFO 968 --- [    Test worker] s.w.s.m.m.a.RequestMappingHandlerAdapter : Looking for @ControllerAdvice: org.springframework.web.context.support.GenericWebApplicationContext@401722f8: startup date [Wed Nov 15 12:49:17 BRST 2017]; root of context hierarchy
2017-11-15 12:49:26.190  INFO 968 --- [    Test worker] s.w.s.m.m.a.RequestMappingHandlerMapping : Mapped "{[/caixa/save],methods=[POST]}" onto public org.springframework.http.ResponseEntity<br.com.simnetwork.model.entity.Caixa> br.com.simnetwork.controller.CaixaController.save(br.com.simnetwork.model.entity.Caixa,javax.servlet.http.HttpServletRequest,javax.servlet.http.HttpServletResponse)
2017-11-15 12:49:26.193  INFO 968 --- [    Test worker] s.w.s.m.m.a.RequestMappingHandlerMapping : Mapped "{[/caixa/findByUsuario]}" onto public org.springframework.http.ResponseEntity<java.util.Collection<br.com.simnetwork.model.entity.Caixa>> br.com.simnetwork.controller.CaixaController.findByUsuario(br.com.simnetwork.model.entity.Usuario)
2017-11-15 12:49:26.197  INFO 968 --- [    Test worker] s.w.s.m.m.a.RequestMappingHandlerMapping : Mapped "{[/caixa/editar],methods=[POST]}" onto public org.springframework.http.ResponseEntity<br.com.simnetwork.model.entity.Caixa> br.com.simnetwork.controller.CaixaController.editar(br.com.simnetwork.model.entity.Caixa,javax.servlet.http.HttpServletRequest,javax.servlet.http.HttpServletResponse)
2017-11-15 12:49:26.200  INFO 968 --- [    Test worker] s.w.s.m.m.a.RequestMappingHandlerMapping : Mapped "{[/medicao/insert/{idcaixa}/{medida}]}" onto public void br.com.simnetwork.controller.MedicaoController.insert(java.lang.String,java.lang.String)
2017-11-15 12:49:26.201  INFO 968 --- [    Test worker] s.w.s.m.m.a.RequestMappingHandlerMapping : Mapped "{[/medicao/consulta/{idcaixa}/{data}]}" onto public org.springframework.http.ResponseEntity<java.util.Collection<br.com.simnetwork.model.entity.Medicao>> br.com.simnetwork.controller.MedicaoController.consulta(java.lang.String,java.lang.String)
2017-11-15 12:49:26.202  INFO 968 --- [    Test worker] s.w.s.m.m.a.RequestMappingHandlerMapping : Mapped "{[/medicao/litros/{idcaixa}]}" onto public org.springframework.http.ResponseEntity<java.lang.Float> br.com.simnetwork.controller.MedicaoController.litros(java.lang.String)
2017-11-15 12:49:26.206  INFO 968 --- [    Test worker] s.w.s.m.m.a.RequestMappingHandlerMapping : Mapped "{[/usuario/save],methods=[POST]}" onto public org.springframework.http.ResponseEntity<br.com.simnetwork.model.entity.Usuario> br.com.simnetwork.controller.UsuarioController.save(br.com.simnetwork.model.entity.Usuario,javax.servlet.http.HttpServletRequest,javax.servlet.http.HttpServletResponse)
2017-11-15 12:49:26.206  INFO 968 --- [    Test worker] s.w.s.m.m.a.RequestMappingHandlerMapping : Mapped "{[/usuario/login]}" onto public org.springframework.http.ResponseEntity<br.com.simnetwork.model.entity.Usuario> br.com.simnetwork.controller.UsuarioController.login(br.com.simnetwork.model.entity.Usuario)
2017-11-15 12:49:26.209  INFO 968 --- [    Test worker] s.w.s.m.m.a.RequestMappingHandlerMapping : Mapped "{[/error]}" onto public org.springframework.http.ResponseEntity<java.util.Map<java.lang.String, java.lang.Object>> org.springframework.boot.autoconfigure.web.BasicErrorController.error(javax.servlet.http.HttpServletRequest)
2017-11-15 12:49:26.210  INFO 968 --- [    Test worker] s.w.s.m.m.a.RequestMappingHandlerMapping : Mapped "{[/error],produces=[text/html]}" onto public org.springframework.web.servlet.ModelAndView org.springframework.boot.autoconfigure.web.BasicErrorController.errorHtml(javax.servlet.http.HttpServletRequest,javax.servlet.http.HttpServletResponse)
2017-11-15 12:49:26.291  INFO 968 --- [    Test worker] o.s.w.s.handler.SimpleUrlHandlerMapping  : Mapped URL path [/webjars/**] onto handler of type [class org.springframework.web.servlet.resource.ResourceHttpRequestHandler]
2017-11-15 12:49:26.298  INFO 968 --- [    Test worker] o.s.w.s.handler.SimpleUrlHandlerMapping  : Mapped URL path [/**] onto handler of type [class org.springframework.web.servlet.resource.ResourceHttpRequestHandler]
2017-11-15 12:49:26.412  INFO 968 --- [    Test worker] o.s.w.s.handler.SimpleUrlHandlerMapping  : Mapped URL path [/**/favicon.ico] onto handler of type [class org.springframework.web.servlet.resource.ResourceHttpRequestHandler]
2017-11-15 12:49:27.821  INFO 968 --- [    Test worker] br.com.simnetwork.test.CaixaServiceTest  : Started CaixaServiceTest in 12.107 seconds (JVM running for 14.426)
2017-11-15 12:49:27.876  INFO 968 --- [    Test worker] o.s.t.c.transaction.TransactionContext   : Began transaction (1) for test context [DefaultTestContext@57af94b8 testClass = CaixaServiceTest, testInstance = br.com.simnetwork.test.CaixaServiceTest@3d0a7a6b, testMethod = testeSalvar@CaixaServiceTest, testException = [null], mergedContextConfiguration = [WebMergedContextConfiguration@20e197b5 testClass = CaixaServiceTest, locations = '{}', classes = '{class br.com.simnetwork.Application, class br.com.simnetwork.test.CaixaServiceTest$CaixaTestContextConfiguration}', contextInitializerClasses = '[]', activeProfiles = '{}', propertySourceLocations = '{}', propertySourceProperties = '{org.springframework.boot.test.context.SpringBootTestContextBootstrapper=true}', contextCustomizers = set[org.springframework.boot.test.autoconfigure.properties.PropertyMappingContextCustomizer@0, org.springframework.boot.test.autoconfigure.web.servlet.WebDriverContextCustomizerFactory$Customizer@2bf816eb, org.springframework.boot.test.context.SpringBootTestContextCustomizer@4944d796, org.springframework.boot.test.context.filter.ExcludeFilterContextCustomizer@ec0f50f, org.springframework.boot.test.json.DuplicateJsonObjectContextCustomizerFactory$DuplicateJsonObjectContextCustomizer@6b26d08f, org.springframework.boot.test.mock.mockito.MockitoContextCustomizer@0], resourceBasePath = 'src/main/webapp', contextLoader = 'org.springframework.boot.test.context.SpringBootContextLoader', parent = [null]]]; transaction manager [org.springframework.orm.jpa.JpaTransactionManager@64005000]; rollback [true]
2017-11-15 12:49:28.005  INFO 968 --- [    Test worker] o.h.h.i.QueryTranslatorFactoryInitiator  : HHH000397: Using ASTQueryTranslatorFactory
Hibernate: select usuario0_.seq_usuario as seq_usua1_2_, usuario0_.login as login2_2_, usuario0_.senha as senha3_2_ from usuario usuario0_ where usuario0_.login=?
Hibernate: insert into usuario (login, senha) values (?, ?)
Hibernate: select usuario0_.seq_usuario as seq_usua1_2_, usuario0_.login as login2_2_, usuario0_.senha as senha3_2_ from usuario usuario0_ where usuario0_.login=?
Hibernate: insert into caixa_dagua (capacidade, medida_max, seq_usuario) values (?, ?, ?)
Hibernate: select usuario0_.seq_usuario as seq_usua1_2_, usuario0_.login as login2_2_, usuario0_.senha as senha3_2_ from usuario usuario0_ where usuario0_.login=?
Hibernate: select caixa0_.seq_caixa as seq_caix1_0_, caixa0_.capacidade as capacida2_0_, caixa0_.medida_max as medida_m3_0_, caixa0_.seq_usuario as seq_usua4_0_ from caixa_dagua caixa0_ left outer join usuario usuario1_ on caixa0_.seq_usuario=usuario1_.seq_usuario where usuario1_.seq_usuario=?
2017-11-15 12:49:28.401  INFO 968 --- [    Test worker] o.s.t.c.transaction.TransactionContext   : Rolled back transaction for test context [DefaultTestContext@57af94b8 testClass = CaixaServiceTest, testInstance = br.com.simnetwork.test.CaixaServiceTest@3d0a7a6b, testMethod = testeSalvar@CaixaServiceTest, testException = [null], mergedContextConfiguration = [WebMergedContextConfiguration@20e197b5 testClass = CaixaServiceTest, locations = '{}', classes = '{class br.com.simnetwork.Application, class br.com.simnetwork.test.CaixaServiceTest$CaixaTestContextConfiguration}', contextInitializerClasses = '[]', activeProfiles = '{}', propertySourceLocations = '{}', propertySourceProperties = '{org.springframework.boot.test.context.SpringBootTestContextBootstrapper=true}', contextCustomizers = set[org.springframework.boot.test.autoconfigure.properties.PropertyMappingContextCustomizer@0, org.springframework.boot.test.autoconfigure.web.servlet.WebDriverContextCustomizerFactory$Customizer@2bf816eb, org.springframework.boot.test.context.SpringBootTestContextCustomizer@4944d796, org.springframework.boot.test.context.filter.ExcludeFilterContextCustomizer@ec0f50f, org.springframework.boot.test.json.DuplicateJsonObjectContextCustomizerFactory$DuplicateJsonObjectContextCustomizer@6b26d08f, org.springframework.boot.test.mock.mockito.MockitoContextCustomizer@0], resourceBasePath = 'src/main/webapp', contextLoader = 'org.springframework.boot.test.context.SpringBootContextLoader', parent = [null]]].
2017-11-15 12:49:28.409  INFO 968 --- [    Test worker] o.s.t.c.transaction.TransactionContext   : Began transaction (1) for test context [DefaultTestContext@57af94b8 testClass = CaixaServiceTest, testInstance = br.com.simnetwork.test.CaixaServiceTest@7a925d02, testMethod = testeEditarMedidas@CaixaServiceTest, testException = [null], mergedContextConfiguration = [WebMergedContextConfiguration@20e197b5 testClass = CaixaServiceTest, locations = '{}', classes = '{class br.com.simnetwork.Application, class br.com.simnetwork.test.CaixaServiceTest$CaixaTestContextConfiguration}', contextInitializerClasses = '[]', activeProfiles = '{}', propertySourceLocations = '{}', propertySourceProperties = '{org.springframework.boot.test.context.SpringBootTestContextBootstrapper=true}', contextCustomizers = set[org.springframework.boot.test.autoconfigure.properties.PropertyMappingContextCustomizer@0, org.springframework.boot.test.autoconfigure.web.servlet.WebDriverContextCustomizerFactory$Customizer@2bf816eb, org.springframework.boot.test.context.SpringBootTestContextCustomizer@4944d796, org.springframework.boot.test.context.filter.ExcludeFilterContextCustomizer@ec0f50f, org.springframework.boot.test.json.DuplicateJsonObjectContextCustomizerFactory$DuplicateJsonObjectContextCustomizer@6b26d08f, org.springframework.boot.test.mock.mockito.MockitoContextCustomizer@0], resourceBasePath = 'src/main/webapp', contextLoader = 'org.springframework.boot.test.context.SpringBootContextLoader', parent = [null]]]; transaction manager [org.springframework.orm.jpa.JpaTransactionManager@64005000]; rollback [true]
Hibernate: select usuario0_.seq_usuario as seq_usua1_2_, usuario0_.login as login2_2_, usuario0_.senha as senha3_2_ from usuario usuario0_ where usuario0_.login=?
Hibernate: insert into usuario (login, senha) values (?, ?)
Hibernate: select usuario0_.seq_usuario as seq_usua1_2_, usuario0_.login as login2_2_, usuario0_.senha as senha3_2_ from usuario usuario0_ where usuario0_.login=?
Hibernate: insert into caixa_dagua (capacidade, medida_max, seq_usuario) values (?, ?, ?)
Hibernate: select usuario0_.seq_usuario as seq_usua1_2_, usuario0_.login as login2_2_, usuario0_.senha as senha3_2_ from usuario usuario0_ where usuario0_.login=?
Hibernate: select caixa0_.seq_caixa as seq_caix1_0_, caixa0_.capacidade as capacida2_0_, caixa0_.medida_max as medida_m3_0_, caixa0_.seq_usuario as seq_usua4_0_ from caixa_dagua caixa0_ left outer join usuario usuario1_ on caixa0_.seq_usuario=usuario1_.seq_usuario where usuario1_.seq_usuario=?
2017-11-15 12:49:28.442  INFO 968 --- [    Test worker] o.s.t.c.transaction.TransactionContext   : Rolled back transaction for test context [DefaultTestContext@57af94b8 testClass = CaixaServiceTest, testInstance = br.com.simnetwork.test.CaixaServiceTest@7a925d02, testMethod = testeEditarMedidas@CaixaServiceTest, testException = [null], mergedContextConfiguration = [WebMergedContextConfiguration@20e197b5 testClass = CaixaServiceTest, locations = '{}', classes = '{class br.com.simnetwork.Application, class br.com.simnetwork.test.CaixaServiceTest$CaixaTestContextConfiguration}', contextInitializerClasses = '[]', activeProfiles = '{}', propertySourceLocations = '{}', propertySourceProperties = '{org.springframework.boot.test.context.SpringBootTestContextBootstrapper=true}', contextCustomizers = set[org.springframework.boot.test.autoconfigure.properties.PropertyMappingContextCustomizer@0, org.springframework.boot.test.autoconfigure.web.servlet.WebDriverContextCustomizerFactory$Customizer@2bf816eb, org.springframework.boot.test.context.SpringBootTestContextCustomizer@4944d796, org.springframework.boot.test.context.filter.ExcludeFilterContextCustomizer@ec0f50f, org.springframework.boot.test.json.DuplicateJsonObjectContextCustomizerFactory$DuplicateJsonObjectContextCustomizer@6b26d08f, org.springframework.boot.test.mock.mockito.MockitoContextCustomizer@0], resourceBasePath = 'src/main/webapp', contextLoader = 'org.springframework.boot.test.context.SpringBootContextLoader', parent = [null]]].
]]></system-out>
  <system-err><![CDATA[]]></system-err>
</testsuite>
