<?xml version="1.0" encoding="UTF-8"?>
<testsuite name="br.com.simnetwork.test.UsuarioServiceTest" tests="1" skipped="0" failures="0" errors="0" timestamp="2017-11-16T23:06:04" hostname="Universe" time="0.028">
  <properties/>
  <testcase name="testeSalvar" classname="br.com.simnetwork.test.UsuarioServiceTest" time="0.028"/>
  <system-out><![CDATA[2017-11-16 21:06:01.250  INFO 12760 --- [    Test worker] o.s.t.c.support.AbstractContextLoader    : Could not detect default resource locations for test class [br.com.simnetwork.test.UsuarioServiceTest]: no resource found for suffixes {-context.xml, Context.groovy}.
2017-11-16 21:06:01.254  INFO 12760 --- [    Test worker] .b.t.c.SpringBootTestContextBootstrapper : Found @SpringBootConfiguration br.com.simnetwork.Application for test class br.com.simnetwork.test.UsuarioServiceTest
2017-11-16 21:06:01.258  INFO 12760 --- [    Test worker] .b.t.c.SpringBootTestContextBootstrapper : Loaded default TestExecutionListener class names from location [META-INF/spring.factories]: [org.springframework.boot.test.autoconfigure.restdocs.RestDocsTestExecutionListener, org.springframework.boot.test.autoconfigure.web.client.MockRestServiceServerResetTestExecutionListener, org.springframework.boot.test.autoconfigure.web.servlet.MockMvcPrintOnlyOnFailureTestExecutionListener, org.springframework.boot.test.autoconfigure.web.servlet.WebDriverTestExecutionListener, org.springframework.boot.test.mock.mockito.MockitoTestExecutionListener, org.springframework.boot.test.mock.mockito.ResetMocksTestExecutionListener, org.springframework.test.context.web.ServletTestExecutionListener, org.springframework.test.context.support.DirtiesContextBeforeModesTestExecutionListener, org.springframework.test.context.support.DependencyInjectionTestExecutionListener, org.springframework.test.context.support.DirtiesContextTestExecutionListener, org.springframework.test.context.transaction.TransactionalTestExecutionListener, org.springframework.test.context.jdbc.SqlScriptsTestExecutionListener]
2017-11-16 21:06:01.261  INFO 12760 --- [    Test worker] .b.t.c.SpringBootTestContextBootstrapper : Using TestExecutionListeners: [org.springframework.test.context.web.ServletTestExecutionListener@969b7bc, org.springframework.test.context.support.DirtiesContextBeforeModesTestExecutionListener@2956fd6, org.springframework.boot.test.autoconfigure.SpringBootDependencyInjectionTestExecutionListener@37b2dfb3, org.springframework.test.context.support.DirtiesContextTestExecutionListener@1093c8cc, org.springframework.test.context.transaction.TransactionalTestExecutionListener@54835935, org.springframework.test.context.jdbc.SqlScriptsTestExecutionListener@7dc167ac, org.springframework.boot.test.mock.mockito.MockitoTestExecutionListener@5caf70e0, org.springframework.boot.test.autoconfigure.web.servlet.WebDriverTestExecutionListener@52741611, org.springframework.boot.test.autoconfigure.restdocs.RestDocsTestExecutionListener@1c70b79b, org.springframework.boot.test.autoconfigure.web.servlet.MockMvcPrintOnlyOnFailureTestExecutionListener@6a7a5fbe, org.springframework.boot.test.autoconfigure.web.client.MockRestServiceServerResetTestExecutionListener@4df50a61, org.springframework.boot.test.mock.mockito.ResetMocksTestExecutionListener@3f434950]

  .   ____          _            __ _ _
 /\\ / ___'_ __ _ _(_)_ __  __ _ \ \ \ \
( ( )\___ | '_ | '_| | '_ \/ _` | \ \ \ \
 \\/  ___)| |_)| | | | | || (_| |  ) ) ) )
  '  |____| .__|_| |_|_| |_\__, | / / / /
 =========|_|==============|___/=/_/_/_/
 :: Spring Boot ::        (v1.5.8.RELEASE)

2017-11-16 21:06:01.332  INFO 12760 --- [    Test worker] b.c.simnetwork.test.UsuarioServiceTest   : Starting UsuarioServiceTest on Universe with PID 12760 (started by felip in E:\Online\PÃºblico\gs-securing-web\complete)
2017-11-16 21:06:01.332  INFO 12760 --- [    Test worker] b.c.simnetwork.test.UsuarioServiceTest   : No active profile set, falling back to default profiles: default
2017-11-16 21:06:01.336  INFO 12760 --- [    Test worker] o.s.w.c.s.GenericWebApplicationContext   : Refreshing org.springframework.web.context.support.GenericWebApplicationContext@73d56ebb: startup date [Thu Nov 16 21:06:01 BRST 2017]; root of context hierarchy
2017-11-16 21:06:01.880  INFO 12760 --- [    Test worker] o.s.b.f.s.DefaultListableBeanFactory     : Overriding bean definition for bean 'caixaService' with a different definition: replacing [Generic bean: class [br.com.simnetwork.model.service.CaixaServiceImpl]; scope=singleton; abstract=false; lazyInit=false; autowireMode=0; dependencyCheck=0; autowireCandidate=true; primary=false; factoryBeanName=null; factoryMethodName=null; initMethodName=null; destroyMethodName=null; defined in file [E:\Online\PÃºblico\gs-securing-web\complete\build\classes\java\main\br\com\simnetwork\model\service\CaixaServiceImpl.class]] with [Root bean: class [null]; scope=; abstract=false; lazyInit=false; autowireMode=3; dependencyCheck=0; autowireCandidate=true; primary=false; factoryBeanName=usuarioServiceTest.UsuarioTestContextConfiguration; factoryMethodName=caixaService; initMethodName=null; destroyMethodName=(inferred); defined in br.com.simnetwork.test.UsuarioServiceTest$UsuarioTestContextConfiguration]
2017-11-16 21:06:01.881  INFO 12760 --- [    Test worker] o.s.b.f.s.DefaultListableBeanFactory     : Overriding bean definition for bean 'medicaoService' with a different definition: replacing [Generic bean: class [br.com.simnetwork.model.service.MedicaoServiceImpl]; scope=singleton; abstract=false; lazyInit=false; autowireMode=0; dependencyCheck=0; autowireCandidate=true; primary=false; factoryBeanName=null; factoryMethodName=null; initMethodName=null; destroyMethodName=null; defined in file [E:\Online\PÃºblico\gs-securing-web\complete\build\classes\java\main\br\com\simnetwork\model\service\MedicaoServiceImpl.class]] with [Root bean: class [null]; scope=; abstract=false; lazyInit=false; autowireMode=3; dependencyCheck=0; autowireCandidate=true; primary=false; factoryBeanName=usuarioServiceTest.UsuarioTestContextConfiguration; factoryMethodName=medicaoService; initMethodName=null; destroyMethodName=(inferred); defined in br.com.simnetwork.test.UsuarioServiceTest$UsuarioTestContextConfiguration]
2017-11-16 21:06:01.882  INFO 12760 --- [    Test worker] o.s.b.f.s.DefaultListableBeanFactory     : Overriding bean definition for bean 'usuarioService' with a different definition: replacing [Generic bean: class [br.com.simnetwork.model.service.UsuarioServiceImpl]; scope=singleton; abstract=false; lazyInit=false; autowireMode=0; dependencyCheck=0; autowireCandidate=true; primary=false; factoryBeanName=null; factoryMethodName=null; initMethodName=null; destroyMethodName=null; defined in file [E:\Online\PÃºblico\gs-securing-web\complete\build\classes\java\main\br\com\simnetwork\model\service\UsuarioServiceImpl.class]] with [Root bean: class [null]; scope=; abstract=false; lazyInit=false; autowireMode=3; dependencyCheck=0; autowireCandidate=true; primary=false; factoryBeanName=usuarioServiceTest.UsuarioTestContextConfiguration; factoryMethodName=usuarioService; initMethodName=null; destroyMethodName=(inferred); defined in br.com.simnetwork.test.UsuarioServiceTest$UsuarioTestContextConfiguration]
2017-11-16 21:06:01.922  INFO 12760 --- [    Test worker] o.s.b.f.s.DefaultListableBeanFactory     : Overriding bean definition for bean 'dataSource' with a different definition: replacing [Root bean: class [null]; scope=; abstract=false; lazyInit=false; autowireMode=3; dependencyCheck=0; autowireCandidate=true; primary=false; factoryBeanName=org.springframework.boot.autoconfigure.jdbc.DataSourceConfiguration$Dbcp; factoryMethodName=dataSource; initMethodName=null; destroyMethodName=(inferred); defined in class path resource [org/springframework/boot/autoconfigure/jdbc/DataSourceConfiguration$Dbcp.class]] with [Root bean: class [null]; scope=; abstract=false; lazyInit=false; autowireMode=3; dependencyCheck=0; autowireCandidate=true; primary=false; factoryBeanName=org.springframework.boot.autoconfigure.jdbc.DataSourceConfiguration$Tomcat; factoryMethodName=dataSource; initMethodName=null; destroyMethodName=(inferred); defined in class path resource [org/springframework/boot/autoconfigure/jdbc/DataSourceConfiguration$Tomcat.class]]
2017-11-16 21:06:02.786  INFO 12760 --- [    Test worker] j.LocalContainerEntityManagerFactoryBean : Building JPA container EntityManagerFactory for persistence unit 'default'
2017-11-16 21:06:02.786  INFO 12760 --- [    Test worker] o.hibernate.jpa.internal.util.LogHelper  : HHH000204: Processing PersistenceUnitInfo [
	name: default
	...]
2017-11-16 21:06:02.796  INFO 12760 --- [    Test worker] org.hibernate.dialect.Dialect            : HHH000400: Using dialect: org.hibernate.dialect.PostgreSQLDialect
2017-11-16 21:06:02.889  INFO 12760 --- [    Test worker] o.h.e.j.e.i.LobCreatorBuilderImpl        : HHH000424: Disabling contextual LOB creation as createClob() method threw error : java.lang.reflect.InvocationTargetException
2017-11-16 21:06:02.889  INFO 12760 --- [    Test worker] org.hibernate.type.BasicTypeRegistry     : HHH000270: Type registration [java.util.UUID] overrides previous : org.hibernate.type.UUIDBinaryType@5899efd1
2017-11-16 21:06:02.923  INFO 12760 --- [    Test worker] org.hibernate.tool.hbm2ddl.SchemaUpdate  : HHH000228: Running hbm2ddl schema update
2017-11-16 21:06:03.082  WARN 12760 --- [    Test worker] o.h.j.i.EntityManagerFactoryRegistry     : HHH000436: Entity manager factory name (default) is already registered.  If entity manager will be clustered or passivated, specify a unique value for property 'hibernate.ejb.entitymanager_factory_name'
2017-11-16 21:06:03.083  INFO 12760 --- [    Test worker] j.LocalContainerEntityManagerFactoryBean : Initialized JPA EntityManagerFactory for persistence unit 'default'
2017-11-16 21:06:03.387  INFO 12760 --- [    Test worker] o.s.s.web.DefaultSecurityFilterChain     : Creating filter chain: org.springframework.security.web.util.matcher.AnyRequestMatcher@1, [org.springframework.security.web.context.request.async.WebAsyncManagerIntegrationFilter@28b75ee7, org.springframework.security.web.context.SecurityContextPersistenceFilter@64a2776c, org.springframework.security.web.header.HeaderWriterFilter@7d20129a, org.springframework.security.web.authentication.logout.LogoutFilter@d8b5c02, br.com.simnetwork.controller.JWTLoginFilter@60294ff9, br.com.simnetwork.controller.JWTAuthenticationFilter@1e4b032c, org.springframework.security.web.savedrequest.RequestCacheAwareFilter@68f4087a, org.springframework.security.web.servletapi.SecurityContextHolderAwareRequestFilter@15bd733c, org.springframework.security.web.authentication.AnonymousAuthenticationFilter@6fd06dca, org.springframework.security.web.session.SessionManagementFilter@2ab6431a, org.springframework.security.web.access.ExceptionTranslationFilter@17d3613b, org.springframework.security.web.access.intercept.FilterSecurityInterceptor@4b5757b8]
2017-11-16 21:06:03.623  INFO 12760 --- [    Test worker] s.w.s.m.m.a.RequestMappingHandlerAdapter : Looking for @ControllerAdvice: org.springframework.web.context.support.GenericWebApplicationContext@73d56ebb: startup date [Thu Nov 16 21:06:01 BRST 2017]; root of context hierarchy
2017-11-16 21:06:03.643  INFO 12760 --- [    Test worker] s.w.s.m.m.a.RequestMappingHandlerMapping : Mapped "{[/caixa/save],methods=[POST]}" onto public org.springframework.http.ResponseEntity<br.com.simnetwork.model.entity.Caixa> br.com.simnetwork.controller.CaixaController.save(br.com.simnetwork.model.entity.Caixa,javax.servlet.http.HttpServletRequest,javax.servlet.http.HttpServletResponse)
2017-11-16 21:06:03.643  INFO 12760 --- [    Test worker] s.w.s.m.m.a.RequestMappingHandlerMapping : Mapped "{[/caixa/findByUsuario]}" onto public org.springframework.http.ResponseEntity<java.util.Collection<br.com.simnetwork.model.entity.Caixa>> br.com.simnetwork.controller.CaixaController.findByUsuario(br.com.simnetwork.model.entity.Usuario)
2017-11-16 21:06:03.644  INFO 12760 --- [    Test worker] s.w.s.m.m.a.RequestMappingHandlerMapping : Mapped "{[/caixa/editar],methods=[POST]}" onto public org.springframework.http.ResponseEntity<br.com.simnetwork.model.entity.Caixa> br.com.simnetwork.controller.CaixaController.editar(br.com.simnetwork.model.entity.Caixa,javax.servlet.http.HttpServletRequest,javax.servlet.http.HttpServletResponse)
2017-11-16 21:06:03.646  INFO 12760 --- [    Test worker] s.w.s.m.m.a.RequestMappingHandlerMapping : Mapped "{[/medicao/insert/{idcaixa}/{medida}]}" onto public void br.com.simnetwork.controller.MedicaoController.insert(java.lang.String,java.lang.String)
2017-11-16 21:06:03.647  INFO 12760 --- [    Test worker] s.w.s.m.m.a.RequestMappingHandlerMapping : Mapped "{[/medicao/consulta/{idcaixa}/{data}]}" onto public org.springframework.http.ResponseEntity<java.util.Collection<br.com.simnetwork.model.entity.Medicao>> br.com.simnetwork.controller.MedicaoController.consulta(java.lang.String,java.lang.String)
2017-11-16 21:06:03.648  INFO 12760 --- [    Test worker] s.w.s.m.m.a.RequestMappingHandlerMapping : Mapped "{[/medicao/litros/{idcaixa}]}" onto public org.springframework.http.ResponseEntity<java.lang.Float> br.com.simnetwork.controller.MedicaoController.litros(java.lang.String)
2017-11-16 21:06:03.649  INFO 12760 --- [    Test worker] s.w.s.m.m.a.RequestMappingHandlerMapping : Mapped "{[/usuario/save],methods=[POST]}" onto public org.springframework.http.ResponseEntity<br.com.simnetwork.model.entity.Usuario> br.com.simnetwork.controller.UsuarioController.save(br.com.simnetwork.model.entity.Usuario,javax.servlet.http.HttpServletRequest,javax.servlet.http.HttpServletResponse)
2017-11-16 21:06:03.650  INFO 12760 --- [    Test worker] s.w.s.m.m.a.RequestMappingHandlerMapping : Mapped "{[/login]}" onto public org.springframework.http.ResponseEntity<br.com.simnetwork.model.entity.Usuario> br.com.simnetwork.controller.UsuarioController.login(br.com.simnetwork.model.entity.Usuario)
2017-11-16 21:06:03.652  INFO 12760 --- [    Test worker] s.w.s.m.m.a.RequestMappingHandlerMapping : Mapped "{[/error]}" onto public org.springframework.http.ResponseEntity<java.util.Map<java.lang.String, java.lang.Object>> org.springframework.boot.autoconfigure.web.BasicErrorController.error(javax.servlet.http.HttpServletRequest)
2017-11-16 21:06:03.653  INFO 12760 --- [    Test worker] s.w.s.m.m.a.RequestMappingHandlerMapping : Mapped "{[/error],produces=[text/html]}" onto public org.springframework.web.servlet.ModelAndView org.springframework.boot.autoconfigure.web.BasicErrorController.errorHtml(javax.servlet.http.HttpServletRequest,javax.servlet.http.HttpServletResponse)
2017-11-16 21:06:03.686  INFO 12760 --- [    Test worker] o.s.w.s.handler.SimpleUrlHandlerMapping  : Mapped URL path [/webjars/**] onto handler of type [class org.springframework.web.servlet.resource.ResourceHttpRequestHandler]
2017-11-16 21:06:03.686  INFO 12760 --- [    Test worker] o.s.w.s.handler.SimpleUrlHandlerMapping  : Mapped URL path [/**] onto handler of type [class org.springframework.web.servlet.resource.ResourceHttpRequestHandler]
2017-11-16 21:06:03.724  INFO 12760 --- [    Test worker] o.s.w.s.handler.SimpleUrlHandlerMapping  : Mapped URL path [/**/favicon.ico] onto handler of type [class org.springframework.web.servlet.resource.ResourceHttpRequestHandler]
2017-11-16 21:06:03.862  INFO 12760 --- [    Test worker] b.a.s.AuthenticationManagerConfiguration : 

Using default security password: 754d8c11-e77b-4a61-b98a-ee0bd6106e2f

2017-11-16 21:06:04.053  INFO 12760 --- [    Test worker] b.c.simnetwork.test.UsuarioServiceTest   : Started UsuarioServiceTest in 2.783 seconds (JVM running for 19.075)
2017-11-16 21:06:04.067  INFO 12760 --- [    Test worker] o.s.t.c.transaction.TransactionContext   : Began transaction (1) for test context [DefaultTestContext@7970c9b7 testClass = UsuarioServiceTest, testInstance = br.com.simnetwork.test.UsuarioServiceTest@1ecf7e55, testMethod = testeSalvar@UsuarioServiceTest, testException = [null], mergedContextConfiguration = [WebMergedContextConfiguration@6cddd257 testClass = UsuarioServiceTest, locations = '{}', classes = '{class br.com.simnetwork.Application, class br.com.simnetwork.test.UsuarioServiceTest$UsuarioTestContextConfiguration}', contextInitializerClasses = '[]', activeProfiles = '{}', propertySourceLocations = '{}', propertySourceProperties = '{org.springframework.boot.test.context.SpringBootTestContextBootstrapper=true}', contextCustomizers = set[org.springframework.boot.test.autoconfigure.properties.PropertyMappingContextCustomizer@0, org.springframework.boot.test.autoconfigure.web.servlet.WebDriverContextCustomizerFactory$Customizer@2bf816eb, org.springframework.boot.test.context.SpringBootTestContextCustomizer@4944d796, org.springframework.boot.test.context.filter.ExcludeFilterContextCustomizer@ec0f50f, org.springframework.boot.test.json.DuplicateJsonObjectContextCustomizerFactory$DuplicateJsonObjectContextCustomizer@6b26d08f, org.springframework.boot.test.mock.mockito.MockitoContextCustomizer@0], resourceBasePath = 'src/main/webapp', contextLoader = 'org.springframework.boot.test.context.SpringBootContextLoader', parent = [null]]]; transaction manager [org.springframework.orm.jpa.JpaTransactionManager@13279bed]; rollback [true]
2017-11-16 21:06:04.070  INFO 12760 --- [    Test worker] o.h.h.i.QueryTranslatorFactoryInitiator  : HHH000397: Using ASTQueryTranslatorFactory
Hibernate: select usuario0_.seq_usuario as seq_usua1_2_, usuario0_.login as login2_2_, usuario0_.senha as senha3_2_ from usuario usuario0_ where usuario0_.login=?
Hibernate: insert into usuario (login, senha) values (?, ?)
Hibernate: select usuario0_.seq_usuario as seq_usua1_2_, usuario0_.login as login2_2_, usuario0_.senha as senha3_2_ from usuario usuario0_ where usuario0_.login=?
2017-11-16 21:06:04.092  INFO 12760 --- [    Test worker] o.s.t.c.transaction.TransactionContext   : Rolled back transaction for test context [DefaultTestContext@7970c9b7 testClass = UsuarioServiceTest, testInstance = br.com.simnetwork.test.UsuarioServiceTest@1ecf7e55, testMethod = testeSalvar@UsuarioServiceTest, testException = [null], mergedContextConfiguration = [WebMergedContextConfiguration@6cddd257 testClass = UsuarioServiceTest, locations = '{}', classes = '{class br.com.simnetwork.Application, class br.com.simnetwork.test.UsuarioServiceTest$UsuarioTestContextConfiguration}', contextInitializerClasses = '[]', activeProfiles = '{}', propertySourceLocations = '{}', propertySourceProperties = '{org.springframework.boot.test.context.SpringBootTestContextBootstrapper=true}', contextCustomizers = set[org.springframework.boot.test.autoconfigure.properties.PropertyMappingContextCustomizer@0, org.springframework.boot.test.autoconfigure.web.servlet.WebDriverContextCustomizerFactory$Customizer@2bf816eb, org.springframework.boot.test.context.SpringBootTestContextCustomizer@4944d796, org.springframework.boot.test.context.filter.ExcludeFilterContextCustomizer@ec0f50f, org.springframework.boot.test.json.DuplicateJsonObjectContextCustomizerFactory$DuplicateJsonObjectContextCustomizer@6b26d08f, org.springframework.boot.test.mock.mockito.MockitoContextCustomizer@0], resourceBasePath = 'src/main/webapp', contextLoader = 'org.springframework.boot.test.context.SpringBootContextLoader', parent = [null]]].
]]></system-out>
  <system-err><![CDATA[]]></system-err>
</testsuite>
